-------------------------------------------------------------------------------
Test set: com.siliver.ch1.test.db.UserDbTest
-------------------------------------------------------------------------------
Tests run: 1, Failures: 0, Errors: 1, Skipped: 0, Time elapsed: 8.703 s <<< FAILURE! - in com.siliver.ch1.test.db.UserDbTest
updateNameTest  Time elapsed: 0.077 s  <<< ERROR!
org.springframework.jdbc.datasource.init.CannotReadScriptException: Cannot read SQL script from class path resource [com/bee/sample/ch9/test/db/user.sql]; nested exception is java.io.FileNotFoundException: class path resource [com/bee/sample/ch9/test/db/user.sql] cannot be opened because it does not exist
Caused by: java.io.FileNotFoundException: class path resource [com/bee/sample/ch9/test/db/user.sql] cannot be opened because it does not exist

