<?xml version="1.0" encoding="UTF-8"?>
<testsuite xmlns:xsi="http://www.w3.org/2001/XMLSchema-instance" xsi:noNamespaceSchemaLocation="https://maven.apache.org/surefire/maven-surefire-plugin/xsd/surefire-test-report.xsd" name="com.siliver.ch1.test.controller.UserControllerTest" time="3.18" tests="2" errors="0" skipped="0" failures="2">
  <properties>
[...]
</properties>
  <testcase name="testMvc" classname="com.siliver.ch1.test.controller.UserControllerTest" time="0.109">
    <failure message="Response content expected:&lt;100&gt; but was:&lt;&gt;" type="java.lang.AssertionError"><![CDATA[java.lang.AssertionError: Response content expected:<100> but was:<>
	at com.siliver.ch1.test.controller.UserControllerTest.testMvc(UserControllerTest.java:37)
]]></failure>
    <system-out><![CDATA[14:29:56.913 [main] DEBUG org.springframework.test.context.junit4.SpringJUnit4ClassRunner - SpringJUnit4ClassRunner constructor called with [class com.siliver.ch1.test.controller.UserControllerTest]
14:29:56.917 [main] DEBUG org.springframework.test.context.BootstrapUtils - Instantiating CacheAwareContextLoaderDelegate from class [org.springframework.test.context.cache.DefaultCacheAwareContextLoaderDelegate]
14:29:56.928 [main] DEBUG org.springframework.test.context.BootstrapUtils - Instantiating BootstrapContext using constructor [public org.springframework.test.context.support.DefaultBootstrapContext(java.lang.Class,org.springframework.test.context.CacheAwareContextLoaderDelegate)]
14:29:56.974 [main] DEBUG org.springframework.test.context.BootstrapUtils - Instantiating TestContextBootstrapper for test class [com.siliver.ch1.test.controller.UserControllerTest] from class [org.springframework.boot.test.autoconfigure.web.servlet.WebMvcTestContextBootstrapper]
14:29:56.992 [main] INFO org.springframework.boot.test.autoconfigure.web.servlet.WebMvcTestContextBootstrapper - Neither @ContextConfiguration nor @ContextHierarchy found for test class [com.siliver.ch1.test.controller.UserControllerTest], using SpringBootContextLoader
14:29:56.996 [main] DEBUG org.springframework.test.context.support.AbstractContextLoader - Did not detect default resource location for test class [com.siliver.ch1.test.controller.UserControllerTest]: class path resource [com/siliver/ch1/test/controller/UserControllerTest-context.xml] does not exist
14:29:56.996 [main] DEBUG org.springframework.test.context.support.AbstractContextLoader - Did not detect default resource location for test class [com.siliver.ch1.test.controller.UserControllerTest]: class path resource [com/siliver/ch1/test/controller/UserControllerTestContext.groovy] does not exist
14:29:56.996 [main] INFO org.springframework.test.context.support.AbstractContextLoader - Could not detect default resource locations for test class [com.siliver.ch1.test.controller.UserControllerTest]: no resource found for suffixes {-context.xml, Context.groovy}.
14:29:56.997 [main] INFO org.springframework.test.context.support.AnnotationConfigContextLoaderUtils - Could not detect default configuration classes for test class [com.siliver.ch1.test.controller.UserControllerTest]: UserControllerTest does not declare any static, non-private, non-final, nested classes annotated with @Configuration.
14:29:57.077 [main] DEBUG org.springframework.test.context.support.ActiveProfilesUtils - Could not find an 'annotation declaring class' for annotation type [org.springframework.test.context.ActiveProfiles] and class [com.siliver.ch1.test.controller.UserControllerTest]
14:29:57.132 [main] DEBUG org.springframework.context.annotation.ClassPathScanningCandidateComponentProvider - Identified candidate component class: file [E:\springboottest\target\classes\com\siliver\Ch1Main.class]
14:29:57.133 [main] INFO org.springframework.boot.test.context.SpringBootTestContextBootstrapper - Found @SpringBootConfiguration com.siliver.Ch1Main for test class com.siliver.ch1.test.controller.UserControllerTest
14:29:57.138 [main] DEBUG org.springframework.boot.test.autoconfigure.web.servlet.WebMvcTestContextBootstrapper - @TestExecutionListeners is not present for class [com.siliver.ch1.test.controller.UserControllerTest]: using defaults.
14:29:57.138 [main] INFO org.springframework.boot.test.autoconfigure.web.servlet.WebMvcTestContextBootstrapper - Loaded default TestExecutionListener class names from location [META-INF/spring.factories]: [org.springframework.boot.test.mock.mockito.MockitoTestExecutionListener, org.springframework.boot.test.mock.mockito.ResetMocksTestExecutionListener, org.springframework.boot.test.autoconfigure.restdocs.RestDocsTestExecutionListener, org.springframework.boot.test.autoconfigure.web.client.MockRestServiceServerResetTestExecutionListener, org.springframework.boot.test.autoconfigure.web.servlet.MockMvcPrintOnlyOnFailureTestExecutionListener, org.springframework.boot.test.autoconfigure.web.servlet.WebDriverTestExecutionListener, org.springframework.boot.test.autoconfigure.webservices.client.MockWebServiceServerTestExecutionListener, org.springframework.test.context.web.ServletTestExecutionListener, org.springframework.test.context.support.DirtiesContextBeforeModesTestExecutionListener, org.springframework.test.context.support.DependencyInjectionTestExecutionListener, org.springframework.test.context.support.DirtiesContextTestExecutionListener, org.springframework.test.context.transaction.TransactionalTestExecutionListener, org.springframework.test.context.jdbc.SqlScriptsTestExecutionListener, org.springframework.test.context.event.EventPublishingTestExecutionListener]
14:29:57.160 [main] INFO org.springframework.boot.test.autoconfigure.web.servlet.WebMvcTestContextBootstrapper - Using TestExecutionListeners: [org.springframework.test.context.web.ServletTestExecutionListener@6d025197, org.springframework.test.context.support.DirtiesContextBeforeModesTestExecutionListener@27d4a09, org.springframework.boot.test.mock.mockito.MockitoTestExecutionListener@7e4204e2, org.springframework.boot.test.autoconfigure.SpringBootDependencyInjectionTestExecutionListener@b7c4869, org.springframework.test.context.support.DirtiesContextTestExecutionListener@740d2e78, org.springframework.test.context.transaction.TransactionalTestExecutionListener@1c481ff2, org.springframework.test.context.jdbc.SqlScriptsTestExecutionListener@72437d8d, org.springframework.test.context.event.EventPublishingTestExecutionListener@1b955cac, org.springframework.boot.test.mock.mockito.ResetMocksTestExecutionListener@676cf48, org.springframework.boot.test.autoconfigure.restdocs.RestDocsTestExecutionListener@5a1de7fb, org.springframework.boot.test.autoconfigure.web.client.MockRestServiceServerResetTestExecutionListener@335b5620, org.springframework.boot.test.autoconfigure.web.servlet.MockMvcPrintOnlyOnFailureTestExecutionListener@29a0cdb, org.springframework.boot.test.autoconfigure.web.servlet.WebDriverTestExecutionListener@32a68f4f, org.springframework.boot.test.autoconfigure.webservices.client.MockWebServiceServerTestExecutionListener@73194df]
14:29:57.162 [main] DEBUG org.springframework.test.annotation.ProfileValueUtils - Retrieved @ProfileValueSourceConfiguration [null] for test class [com.siliver.ch1.test.controller.UserControllerTest]
14:29:57.163 [main] DEBUG org.springframework.test.annotation.ProfileValueUtils - Retrieved ProfileValueSource type [class org.springframework.test.annotation.SystemProfileValueSource] for class [com.siliver.ch1.test.controller.UserControllerTest]
14:29:57.167 [main] DEBUG org.springframework.test.annotation.ProfileValueUtils - Retrieved @ProfileValueSourceConfiguration [null] for test class [com.siliver.ch1.test.controller.UserControllerTest]
14:29:57.167 [main] DEBUG org.springframework.test.annotation.ProfileValueUtils - Retrieved ProfileValueSource type [class org.springframework.test.annotation.SystemProfileValueSource] for class [com.siliver.ch1.test.controller.UserControllerTest]
14:29:57.172 [main] DEBUG org.springframework.test.annotation.ProfileValueUtils - Retrieved @ProfileValueSourceConfiguration [null] for test class [com.siliver.ch1.test.controller.UserControllerTest]
14:29:57.172 [main] DEBUG org.springframework.test.annotation.ProfileValueUtils - Retrieved ProfileValueSource type [class org.springframework.test.annotation.SystemProfileValueSource] for class [com.siliver.ch1.test.controller.UserControllerTest]
14:29:57.209 [main] DEBUG org.springframework.test.context.junit4.SpringJUnit4ClassRunner - SpringJUnit4ClassRunner constructor called with [class com.siliver.ch1.test.db.UserDbTest]
14:29:57.209 [main] DEBUG org.springframework.test.context.BootstrapUtils - Instantiating CacheAwareContextLoaderDelegate from class [org.springframework.test.context.cache.DefaultCacheAwareContextLoaderDelegate]
14:29:57.209 [main] DEBUG org.springframework.test.context.BootstrapUtils - Instantiating BootstrapContext using constructor [public org.springframework.test.context.support.DefaultBootstrapContext(java.lang.Class,org.springframework.test.context.CacheAwareContextLoaderDelegate)]
14:29:57.212 [main] DEBUG org.springframework.test.context.BootstrapUtils - Instantiating TestContextBootstrapper for test class [com.siliver.ch1.test.db.UserDbTest] from class [org.springframework.boot.test.context.SpringBootTestContextBootstrapper]
14:29:57.214 [main] INFO org.springframework.boot.test.context.SpringBootTestContextBootstrapper - Neither @ContextConfiguration nor @ContextHierarchy found for test class [com.siliver.ch1.test.db.UserDbTest], using SpringBootContextLoader
14:29:57.215 [main] DEBUG org.springframework.test.context.support.AbstractContextLoader - Did not detect default resource location for test class [com.siliver.ch1.test.db.UserDbTest]: class path resource [com/siliver/ch1/test/db/UserDbTest-context.xml] does not exist
14:29:57.216 [main] DEBUG org.springframework.test.context.support.AbstractContextLoader - Did not detect default resource location for test class [com.siliver.ch1.test.db.UserDbTest]: class path resource [com/siliver/ch1/test/db/UserDbTestContext.groovy] does not exist
14:29:57.216 [main] INFO org.springframework.test.context.support.AbstractContextLoader - Could not detect default resource locations for test class [com.siliver.ch1.test.db.UserDbTest]: no resource found for suffixes {-context.xml, Context.groovy}.
14:29:57.216 [main] INFO org.springframework.test.context.support.AnnotationConfigContextLoaderUtils - Could not detect default configuration classes for test class [com.siliver.ch1.test.db.UserDbTest]: UserDbTest does not declare any static, non-private, non-final, nested classes annotated with @Configuration.
14:29:57.227 [main] DEBUG org.springframework.context.annotation.ClassPathScanningCandidateComponentProvider - Identified candidate component class: file [E:\springboottest\target\classes\com\siliver\Ch1Main.class]
14:29:57.227 [main] INFO org.springframework.boot.test.context.SpringBootTestContextBootstrapper - Found @SpringBootConfiguration com.siliver.Ch1Main for test class com.siliver.ch1.test.db.UserDbTest
14:29:57.409 [main] DEBUG org.springframework.boot.test.context.SpringBootTestContextBootstrapper - @TestExecutionListeners is not present for class [com.siliver.ch1.test.db.UserDbTest]: using defaults.
14:29:57.409 [main] INFO org.springframework.boot.test.context.SpringBootTestContextBootstrapper - Loaded default TestExecutionListener class names from location [META-INF/spring.factories]: [org.springframework.boot.test.mock.mockito.MockitoTestExecutionListener, org.springframework.boot.test.mock.mockito.ResetMocksTestExecutionListener, org.springframework.boot.test.autoconfigure.restdocs.RestDocsTestExecutionListener, org.springframework.boot.test.autoconfigure.web.client.MockRestServiceServerResetTestExecutionListener, org.springframework.boot.test.autoconfigure.web.servlet.MockMvcPrintOnlyOnFailureTestExecutionListener, org.springframework.boot.test.autoconfigure.web.servlet.WebDriverTestExecutionListener, org.springframework.boot.test.autoconfigure.webservices.client.MockWebServiceServerTestExecutionListener, org.springframework.test.context.web.ServletTestExecutionListener, org.springframework.test.context.support.DirtiesContextBeforeModesTestExecutionListener, org.springframework.test.context.support.DependencyInjectionTestExecutionListener, org.springframework.test.context.support.DirtiesContextTestExecutionListener, org.springframework.test.context.transaction.TransactionalTestExecutionListener, org.springframework.test.context.jdbc.SqlScriptsTestExecutionListener, org.springframework.test.context.event.EventPublishingTestExecutionListener]
14:29:57.409 [main] INFO org.springframework.boot.test.context.SpringBootTestContextBootstrapper - Using TestExecutionListeners: [org.springframework.test.context.web.ServletTestExecutionListener@24b6b8f6, org.springframework.test.context.support.DirtiesContextBeforeModesTestExecutionListener@72cf2de5, org.springframework.boot.test.mock.mockito.MockitoTestExecutionListener@2bb7bd00, org.springframework.boot.test.autoconfigure.SpringBootDependencyInjectionTestExecutionListener@5f031ebd, org.springframework.test.context.support.DirtiesContextTestExecutionListener@4ee37ca3, org.springframework.test.context.transaction.TransactionalTestExecutionListener@45c8d09f, org.springframework.test.context.jdbc.SqlScriptsTestExecutionListener@53812a9b, org.springframework.test.context.event.EventPublishingTestExecutionListener@14b030a0, org.springframework.boot.test.mock.mockito.ResetMocksTestExecutionListener@41e350f1, org.springframework.boot.test.autoconfigure.restdocs.RestDocsTestExecutionListener@422c3c7a, org.springframework.boot.test.autoconfigure.web.client.MockRestServiceServerResetTestExecutionListener@18230356, org.springframework.boot.test.autoconfigure.web.servlet.MockMvcPrintOnlyOnFailureTestExecutionListener@d8305c2, org.springframework.boot.test.autoconfigure.web.servlet.WebDriverTestExecutionListener@56bca85b, org.springframework.boot.test.autoconfigure.webservices.client.MockWebServiceServerTestExecutionListener@75d0911a]
14:29:57.410 [main] DEBUG org.springframework.test.annotation.ProfileValueUtils - Retrieved @ProfileValueSourceConfiguration [null] for test class [com.siliver.ch1.test.db.UserDbTest]
14:29:57.410 [main] DEBUG org.springframework.test.annotation.ProfileValueUtils - Retrieved ProfileValueSource type [class org.springframework.test.annotation.SystemProfileValueSource] for class [com.siliver.ch1.test.db.UserDbTest]
14:29:57.410 [main] DEBUG org.springframework.test.annotation.ProfileValueUtils - Retrieved @ProfileValueSourceConfiguration [null] for test class [com.siliver.ch1.test.db.UserDbTest]
14:29:57.410 [main] DEBUG org.springframework.test.annotation.ProfileValueUtils - Retrieved ProfileValueSource type [class org.springframework.test.annotation.SystemProfileValueSource] for class [com.siliver.ch1.test.db.UserDbTest]
14:29:57.411 [main] DEBUG org.springframework.test.annotation.ProfileValueUtils - Retrieved @ProfileValueSourceConfiguration [null] for test class [com.siliver.ch1.test.db.UserDbTest]
14:29:57.412 [main] DEBUG org.springframework.test.annotation.ProfileValueUtils - Retrieved ProfileValueSource type [class org.springframework.test.annotation.SystemProfileValueSource] for class [com.siliver.ch1.test.db.UserDbTest]
14:29:57.437 [main] DEBUG org.springframework.test.context.junit4.SpringJUnit4ClassRunner - SpringJUnit4ClassRunner constructor called with [class com.siliver.ch1.test.service.UserServiceTest]
14:29:57.437 [main] DEBUG org.springframework.test.context.BootstrapUtils - Instantiating CacheAwareContextLoaderDelegate from class [org.springframework.test.context.cache.DefaultCacheAwareContextLoaderDelegate]
14:29:57.438 [main] DEBUG org.springframework.test.context.BootstrapUtils - Instantiating BootstrapContext using constructor [public org.springframework.test.context.support.DefaultBootstrapContext(java.lang.Class,org.springframework.test.context.CacheAwareContextLoaderDelegate)]
14:29:57.439 [main] DEBUG org.springframework.test.context.BootstrapUtils - Instantiating TestContextBootstrapper for test class [com.siliver.ch1.test.service.UserServiceTest] from class [org.springframework.boot.test.context.SpringBootTestContextBootstrapper]
14:29:57.439 [main] INFO org.springframework.boot.test.context.SpringBootTestContextBootstrapper - Neither @ContextConfiguration nor @ContextHierarchy found for test class [com.siliver.ch1.test.service.UserServiceTest], using SpringBootContextLoader
14:29:57.440 [main] DEBUG org.springframework.test.context.support.AbstractContextLoader - Did not detect default resource location for test class [com.siliver.ch1.test.service.UserServiceTest]: class path resource [com/siliver/ch1/test/service/UserServiceTest-context.xml] does not exist
14:29:57.441 [main] DEBUG org.springframework.test.context.support.AbstractContextLoader - Did not detect default resource location for test class [com.siliver.ch1.test.service.UserServiceTest]: class path resource [com/siliver/ch1/test/service/UserServiceTestContext.groovy] does not exist
14:29:57.441 [main] INFO org.springframework.test.context.support.AbstractContextLoader - Could not detect default resource locations for test class [com.siliver.ch1.test.service.UserServiceTest]: no resource found for suffixes {-context.xml, Context.groovy}.
14:29:57.441 [main] INFO org.springframework.test.context.support.AnnotationConfigContextLoaderUtils - Could not detect default configuration classes for test class [com.siliver.ch1.test.service.UserServiceTest]: UserServiceTest does not declare any static, non-private, non-final, nested classes annotated with @Configuration.
14:29:57.444 [main] DEBUG org.springframework.test.context.support.ActiveProfilesUtils - Could not find an 'annotation declaring class' for annotation type [org.springframework.test.context.ActiveProfiles] and class [com.siliver.ch1.test.service.UserServiceTest]
14:29:57.450 [main] DEBUG org.springframework.context.annotation.ClassPathScanningCandidateComponentProvider - Identified candidate component class: file [E:\springboottest\target\classes\com\siliver\Ch1Main.class]
14:29:57.450 [main] INFO org.springframework.boot.test.context.SpringBootTestContextBootstrapper - Found @SpringBootConfiguration com.siliver.Ch1Main for test class com.siliver.ch1.test.service.UserServiceTest
14:29:57.452 [main] DEBUG org.springframework.boot.test.context.SpringBootTestContextBootstrapper - @TestExecutionListeners is not present for class [com.siliver.ch1.test.service.UserServiceTest]: using defaults.
14:29:57.452 [main] INFO org.springframework.boot.test.context.SpringBootTestContextBootstrapper - Loaded default TestExecutionListener class names from location [META-INF/spring.factories]: [org.springframework.boot.test.mock.mockito.MockitoTestExecutionListener, org.springframework.boot.test.mock.mockito.ResetMocksTestExecutionListener, org.springframework.boot.test.autoconfigure.restdocs.RestDocsTestExecutionListener, org.springframework.boot.test.autoconfigure.web.client.MockRestServiceServerResetTestExecutionListener, org.springframework.boot.test.autoconfigure.web.servlet.MockMvcPrintOnlyOnFailureTestExecutionListener, org.springframework.boot.test.autoconfigure.web.servlet.WebDriverTestExecutionListener, org.springframework.boot.test.autoconfigure.webservices.client.MockWebServiceServerTestExecutionListener, org.springframework.test.context.web.ServletTestExecutionListener, org.springframework.test.context.support.DirtiesContextBeforeModesTestExecutionListener, org.springframework.test.context.support.DependencyInjectionTestExecutionListener, org.springframework.test.context.support.DirtiesContextTestExecutionListener, org.springframework.test.context.transaction.TransactionalTestExecutionListener, org.springframework.test.context.jdbc.SqlScriptsTestExecutionListener, org.springframework.test.context.event.EventPublishingTestExecutionListener]
14:29:57.453 [main] INFO org.springframework.boot.test.context.SpringBootTestContextBootstrapper - Using TestExecutionListeners: [org.springframework.test.context.web.ServletTestExecutionListener@7a791b66, org.springframework.test.context.support.DirtiesContextBeforeModesTestExecutionListener@6f2cb653, org.springframework.boot.test.mock.mockito.MockitoTestExecutionListener@14c01636, org.springframework.boot.test.autoconfigure.SpringBootDependencyInjectionTestExecutionListener@590c73d3, org.springframework.test.context.support.DirtiesContextTestExecutionListener@6b9ce1bf, org.springframework.test.context.transaction.TransactionalTestExecutionListener@61884cb1, org.springframework.test.context.jdbc.SqlScriptsTestExecutionListener@75ed9710, org.springframework.test.context.event.EventPublishingTestExecutionListener@4fc5e095, org.springframework.boot.test.mock.mockito.ResetMocksTestExecutionListener@435871cb, org.springframework.boot.test.autoconfigure.restdocs.RestDocsTestExecutionListener@609640d5, org.springframework.boot.test.autoconfigure.web.client.MockRestServiceServerResetTestExecutionListener@79da1ec0, org.springframework.boot.test.autoconfigure.web.servlet.MockMvcPrintOnlyOnFailureTestExecutionListener@19fb8826, org.springframework.boot.test.autoconfigure.web.servlet.WebDriverTestExecutionListener@192d74fb, org.springframework.boot.test.autoconfigure.webservices.client.MockWebServiceServerTestExecutionListener@4bef0fe3]
14:29:57.453 [main] DEBUG org.springframework.test.annotation.ProfileValueUtils - Retrieved @ProfileValueSourceConfiguration [null] for test class [com.siliver.ch1.test.service.UserServiceTest]
14:29:57.454 [main] DEBUG org.springframework.test.annotation.ProfileValueUtils - Retrieved ProfileValueSource type [class org.springframework.test.annotation.SystemProfileValueSource] for class [com.siliver.ch1.test.service.UserServiceTest]
14:29:57.454 [main] DEBUG org.springframework.test.annotation.ProfileValueUtils - Retrieved @ProfileValueSourceConfiguration [null] for test class [com.siliver.ch1.test.service.UserServiceTest]
14:29:57.454 [main] DEBUG org.springframework.test.annotation.ProfileValueUtils - Retrieved ProfileValueSource type [class org.springframework.test.annotation.SystemProfileValueSource] for class [com.siliver.ch1.test.service.UserServiceTest]
14:29:57.454 [main] DEBUG org.springframework.test.annotation.ProfileValueUtils - Retrieved @ProfileValueSourceConfiguration [null] for test class [com.siliver.ch1.test.service.UserServiceTest]
14:29:57.454 [main] DEBUG org.springframework.test.annotation.ProfileValueUtils - Retrieved ProfileValueSource type [class org.springframework.test.annotation.SystemProfileValueSource] for class [com.siliver.ch1.test.service.UserServiceTest]
14:29:57.462 [main] DEBUG org.springframework.test.context.junit4.SpringJUnit4ClassRunner - SpringJUnit4ClassRunner constructor called with [class com.siliver.ch1.test.controller.UserControllerTest]
14:29:57.462 [main] DEBUG org.springframework.test.context.BootstrapUtils - Instantiating CacheAwareContextLoaderDelegate from class [org.springframework.test.context.cache.DefaultCacheAwareContextLoaderDelegate]
14:29:57.463 [main] DEBUG org.springframework.test.context.BootstrapUtils - Instantiating BootstrapContext using constructor [public org.springframework.test.context.support.DefaultBootstrapContext(java.lang.Class,org.springframework.test.context.CacheAwareContextLoaderDelegate)]
14:29:57.463 [main] DEBUG org.springframework.test.context.BootstrapUtils - Instantiating TestContextBootstrapper for test class [com.siliver.ch1.test.controller.UserControllerTest] from class [org.springframework.boot.test.autoconfigure.web.servlet.WebMvcTestContextBootstrapper]
14:29:57.464 [main] INFO org.springframework.boot.test.autoconfigure.web.servlet.WebMvcTestContextBootstrapper - Neither @ContextConfiguration nor @ContextHierarchy found for test class [com.siliver.ch1.test.controller.UserControllerTest], using SpringBootContextLoader
14:29:57.464 [main] DEBUG org.springframework.test.context.support.AbstractContextLoader - Did not detect default resource location for test class [com.siliver.ch1.test.controller.UserControllerTest]: class path resource [com/siliver/ch1/test/controller/UserControllerTest-context.xml] does not exist
14:29:57.465 [main] DEBUG org.springframework.test.context.support.AbstractContextLoader - Did not detect default resource location for test class [com.siliver.ch1.test.controller.UserControllerTest]: class path resource [com/siliver/ch1/test/controller/UserControllerTestContext.groovy] does not exist
14:29:57.465 [main] INFO org.springframework.test.context.support.AbstractContextLoader - Could not detect default resource locations for test class [com.siliver.ch1.test.controller.UserControllerTest]: no resource found for suffixes {-context.xml, Context.groovy}.
14:29:57.465 [main] INFO org.springframework.test.context.support.AnnotationConfigContextLoaderUtils - Could not detect default configuration classes for test class [com.siliver.ch1.test.controller.UserControllerTest]: UserControllerTest does not declare any static, non-private, non-final, nested classes annotated with @Configuration.
14:29:57.471 [main] DEBUG org.springframework.test.context.support.ActiveProfilesUtils - Could not find an 'annotation declaring class' for annotation type [org.springframework.test.context.ActiveProfiles] and class [com.siliver.ch1.test.controller.UserControllerTest]
14:29:57.472 [main] INFO org.springframework.boot.test.context.SpringBootTestContextBootstrapper - Found @SpringBootConfiguration com.siliver.Ch1Main for test class com.siliver.ch1.test.controller.UserControllerTest
14:29:57.473 [main] DEBUG org.springframework.boot.test.autoconfigure.web.servlet.WebMvcTestContextBootstrapper - @TestExecutionListeners is not present for class [com.siliver.ch1.test.controller.UserControllerTest]: using defaults.
14:29:57.473 [main] INFO org.springframework.boot.test.autoconfigure.web.servlet.WebMvcTestContextBootstrapper - Loaded default TestExecutionListener class names from location [META-INF/spring.factories]: [org.springframework.boot.test.mock.mockito.MockitoTestExecutionListener, org.springframework.boot.test.mock.mockito.ResetMocksTestExecutionListener, org.springframework.boot.test.autoconfigure.restdocs.RestDocsTestExecutionListener, org.springframework.boot.test.autoconfigure.web.client.MockRestServiceServerResetTestExecutionListener, org.springframework.boot.test.autoconfigure.web.servlet.MockMvcPrintOnlyOnFailureTestExecutionListener, org.springframework.boot.test.autoconfigure.web.servlet.WebDriverTestExecutionListener, org.springframework.boot.test.autoconfigure.webservices.client.MockWebServiceServerTestExecutionListener, org.springframework.test.context.web.ServletTestExecutionListener, org.springframework.test.context.support.DirtiesContextBeforeModesTestExecutionListener, org.springframework.test.context.support.DependencyInjectionTestExecutionListener, org.springframework.test.context.support.DirtiesContextTestExecutionListener, org.springframework.test.context.transaction.TransactionalTestExecutionListener, org.springframework.test.context.jdbc.SqlScriptsTestExecutionListener, org.springframework.test.context.event.EventPublishingTestExecutionListener]
14:29:57.474 [main] INFO org.springframework.boot.test.autoconfigure.web.servlet.WebMvcTestContextBootstrapper - Using TestExecutionListeners: [org.springframework.test.context.web.ServletTestExecutionListener@13c3c1e1, org.springframework.test.context.support.DirtiesContextBeforeModesTestExecutionListener@1d8062d2, org.springframework.boot.test.mock.mockito.MockitoTestExecutionListener@1e63ec0b, org.springframework.boot.test.autoconfigure.SpringBootDependencyInjectionTestExecutionListener@3b956878, org.springframework.test.context.support.DirtiesContextTestExecutionListener@36546a22, org.springframework.test.context.transaction.TransactionalTestExecutionListener@285c08c8, org.springframework.test.context.jdbc.SqlScriptsTestExecutionListener@295eaa7c, org.springframework.test.context.event.EventPublishingTestExecutionListener@3918c187, org.springframework.boot.test.mock.mockito.ResetMocksTestExecutionListener@2c88b9fc, org.springframework.boot.test.autoconfigure.restdocs.RestDocsTestExecutionListener@64dafeed, org.springframework.boot.test.autoconfigure.web.client.MockRestServiceServerResetTestExecutionListener@388ba540, org.springframework.boot.test.autoconfigure.web.servlet.MockMvcPrintOnlyOnFailureTestExecutionListener@47605f2f, org.springframework.boot.test.autoconfigure.web.servlet.WebDriverTestExecutionListener@2ece4966, org.springframework.boot.test.autoconfigure.webservices.client.MockWebServiceServerTestExecutionListener@1dd0e7c4]
14:29:57.474 [main] DEBUG org.springframework.test.annotation.ProfileValueUtils - Retrieved @ProfileValueSourceConfiguration [null] for test class [com.siliver.ch1.test.controller.UserControllerTest]
14:29:57.474 [main] DEBUG org.springframework.test.annotation.ProfileValueUtils - Retrieved ProfileValueSource type [class org.springframework.test.annotation.SystemProfileValueSource] for class [com.siliver.ch1.test.controller.UserControllerTest]
14:29:57.475 [main] DEBUG org.springframework.test.annotation.ProfileValueUtils - Retrieved @ProfileValueSourceConfiguration [null] for test class [com.siliver.ch1.test.controller.UserControllerTest]
14:29:57.475 [main] DEBUG org.springframework.test.annotation.ProfileValueUtils - Retrieved ProfileValueSource type [class org.springframework.test.annotation.SystemProfileValueSource] for class [com.siliver.ch1.test.controller.UserControllerTest]
14:29:57.475 [main] DEBUG org.springframework.test.annotation.ProfileValueUtils - Retrieved @ProfileValueSourceConfiguration [null] for test class [com.siliver.ch1.test.controller.UserControllerTest]
14:29:57.475 [main] DEBUG org.springframework.test.annotation.ProfileValueUtils - Retrieved ProfileValueSource type [class org.springframework.test.annotation.SystemProfileValueSource] for class [com.siliver.ch1.test.controller.UserControllerTest]
14:29:57.475 [main] DEBUG org.springframework.test.context.junit4.SpringJUnit4ClassRunner - SpringJUnit4ClassRunner constructor called with [class com.siliver.ch1.test.db.UserDbTest]
14:29:57.476 [main] DEBUG org.springframework.test.context.BootstrapUtils - Instantiating CacheAwareContextLoaderDelegate from class [org.springframework.test.context.cache.DefaultCacheAwareContextLoaderDelegate]
14:29:57.476 [main] DEBUG org.springframework.test.context.BootstrapUtils - Instantiating BootstrapContext using constructor [public org.springframework.test.context.support.DefaultBootstrapContext(java.lang.Class,org.springframework.test.context.CacheAwareContextLoaderDelegate)]
14:29:57.476 [main] DEBUG org.springframework.test.context.BootstrapUtils - Instantiating TestContextBootstrapper for test class [com.siliver.ch1.test.db.UserDbTest] from class [org.springframework.boot.test.context.SpringBootTestContextBootstrapper]
14:29:57.476 [main] INFO org.springframework.boot.test.context.SpringBootTestContextBootstrapper - Neither @ContextConfiguration nor @ContextHierarchy found for test class [com.siliver.ch1.test.db.UserDbTest], using SpringBootContextLoader
14:29:57.478 [main] DEBUG org.springframework.test.context.support.AbstractContextLoader - Did not detect default resource location for test class [com.siliver.ch1.test.db.UserDbTest]: class path resource [com/siliver/ch1/test/db/UserDbTest-context.xml] does not exist
14:29:57.478 [main] DEBUG org.springframework.test.context.support.AbstractContextLoader - Did not detect default resource location for test class [com.siliver.ch1.test.db.UserDbTest]: class path resource [com/siliver/ch1/test/db/UserDbTestContext.groovy] does not exist
14:29:57.479 [main] INFO org.springframework.test.context.support.AbstractContextLoader - Could not detect default resource locations for test class [com.siliver.ch1.test.db.UserDbTest]: no resource found for suffixes {-context.xml, Context.groovy}.
14:29:57.479 [main] INFO org.springframework.test.context.support.AnnotationConfigContextLoaderUtils - Could not detect default configuration classes for test class [com.siliver.ch1.test.db.UserDbTest]: UserDbTest does not declare any static, non-private, non-final, nested classes annotated with @Configuration.
14:29:57.481 [main] INFO org.springframework.boot.test.context.SpringBootTestContextBootstrapper - Found @SpringBootConfiguration com.siliver.Ch1Main for test class com.siliver.ch1.test.db.UserDbTest
14:29:57.484 [main] DEBUG org.springframework.boot.test.context.SpringBootTestContextBootstrapper - @TestExecutionListeners is not present for class [com.siliver.ch1.test.db.UserDbTest]: using defaults.
14:29:57.485 [main] INFO org.springframework.boot.test.context.SpringBootTestContextBootstrapper - Loaded default TestExecutionListener class names from location [META-INF/spring.factories]: [org.springframework.boot.test.mock.mockito.MockitoTestExecutionListener, org.springframework.boot.test.mock.mockito.ResetMocksTestExecutionListener, org.springframework.boot.test.autoconfigure.restdocs.RestDocsTestExecutionListener, org.springframework.boot.test.autoconfigure.web.client.MockRestServiceServerResetTestExecutionListener, org.springframework.boot.test.autoconfigure.web.servlet.MockMvcPrintOnlyOnFailureTestExecutionListener, org.springframework.boot.test.autoconfigure.web.servlet.WebDriverTestExecutionListener, org.springframework.boot.test.autoconfigure.webservices.client.MockWebServiceServerTestExecutionListener, org.springframework.test.context.web.ServletTestExecutionListener, org.springframework.test.context.support.DirtiesContextBeforeModesTestExecutionListener, org.springframework.test.context.support.DependencyInjectionTestExecutionListener, org.springframework.test.context.support.DirtiesContextTestExecutionListener, org.springframework.test.context.transaction.TransactionalTestExecutionListener, org.springframework.test.context.jdbc.SqlScriptsTestExecutionListener, org.springframework.test.context.event.EventPublishingTestExecutionListener]
14:29:57.485 [main] INFO org.springframework.boot.test.context.SpringBootTestContextBootstrapper - Using TestExecutionListeners: [org.springframework.test.context.web.ServletTestExecutionListener@11eadcba, org.springframework.test.context.support.DirtiesContextBeforeModesTestExecutionListener@4721d212, org.springframework.boot.test.mock.mockito.MockitoTestExecutionListener@1b065145, org.springframework.boot.test.autoconfigure.SpringBootDependencyInjectionTestExecutionListener@45cff11c, org.springframework.test.context.support.DirtiesContextTestExecutionListener@207ea13, org.springframework.test.context.transaction.TransactionalTestExecutionListener@4bff1903, org.springframework.test.context.jdbc.SqlScriptsTestExecutionListener@62dae540, org.springframework.test.context.event.EventPublishingTestExecutionListener@5827af16, org.springframework.boot.test.mock.mockito.ResetMocksTestExecutionListener@654d8173, org.springframework.boot.test.autoconfigure.restdocs.RestDocsTestExecutionListener@56c9bbd8, org.springframework.boot.test.autoconfigure.web.client.MockRestServiceServerResetTestExecutionListener@630cb4a4, org.springframework.boot.test.autoconfigure.web.servlet.MockMvcPrintOnlyOnFailureTestExecutionListener@636e8cc, org.springframework.boot.test.autoconfigure.web.servlet.WebDriverTestExecutionListener@f79a760, org.springframework.boot.test.autoconfigure.webservices.client.MockWebServiceServerTestExecutionListener@14f5da2c]
14:29:57.485 [main] DEBUG org.springframework.test.annotation.ProfileValueUtils - Retrieved @ProfileValueSourceConfiguration [null] for test class [com.siliver.ch1.test.db.UserDbTest]
14:29:57.486 [main] DEBUG org.springframework.test.annotation.ProfileValueUtils - Retrieved ProfileValueSource type [class org.springframework.test.annotation.SystemProfileValueSource] for class [com.siliver.ch1.test.db.UserDbTest]
14:29:57.486 [main] DEBUG org.springframework.test.annotation.ProfileValueUtils - Retrieved @ProfileValueSourceConfiguration [null] for test class [com.siliver.ch1.test.db.UserDbTest]
14:29:57.486 [main] DEBUG org.springframework.test.annotation.ProfileValueUtils - Retrieved ProfileValueSource type [class org.springframework.test.annotation.SystemProfileValueSource] for class [com.siliver.ch1.test.db.UserDbTest]
14:29:57.486 [main] DEBUG org.springframework.test.annotation.ProfileValueUtils - Retrieved @ProfileValueSourceConfiguration [null] for test class [com.siliver.ch1.test.db.UserDbTest]
14:29:57.487 [main] DEBUG org.springframework.test.annotation.ProfileValueUtils - Retrieved ProfileValueSource type [class org.springframework.test.annotation.SystemProfileValueSource] for class [com.siliver.ch1.test.db.UserDbTest]
14:29:57.489 [main] DEBUG org.springframework.test.context.junit4.SpringJUnit4ClassRunner - SpringJUnit4ClassRunner constructor called with [class com.siliver.ch1.test.service.UserServiceTest]
14:29:57.489 [main] DEBUG org.springframework.test.context.BootstrapUtils - Instantiating CacheAwareContextLoaderDelegate from class [org.springframework.test.context.cache.DefaultCacheAwareContextLoaderDelegate]
14:29:57.489 [main] DEBUG org.springframework.test.context.BootstrapUtils - Instantiating BootstrapContext using constructor [public org.springframework.test.context.support.DefaultBootstrapContext(java.lang.Class,org.springframework.test.context.CacheAwareContextLoaderDelegate)]
14:29:57.490 [main] DEBUG org.springframework.test.context.BootstrapUtils - Instantiating TestContextBootstrapper for test class [com.siliver.ch1.test.service.UserServiceTest] from class [org.springframework.boot.test.context.SpringBootTestContextBootstrapper]
14:29:57.490 [main] INFO org.springframework.boot.test.context.SpringBootTestContextBootstrapper - Neither @ContextConfiguration nor @ContextHierarchy found for test class [com.siliver.ch1.test.service.UserServiceTest], using SpringBootContextLoader
14:29:57.491 [main] DEBUG org.springframework.test.context.support.AbstractContextLoader - Did not detect default resource location for test class [com.siliver.ch1.test.service.UserServiceTest]: class path resource [com/siliver/ch1/test/service/UserServiceTest-context.xml] does not exist
14:29:57.491 [main] DEBUG org.springframework.test.context.support.AbstractContextLoader - Did not detect default resource location for test class [com.siliver.ch1.test.service.UserServiceTest]: class path resource [com/siliver/ch1/test/service/UserServiceTestContext.groovy] does not exist
14:29:57.491 [main] INFO org.springframework.test.context.support.AbstractContextLoader - Could not detect default resource locations for test class [com.siliver.ch1.test.service.UserServiceTest]: no resource found for suffixes {-context.xml, Context.groovy}.
14:29:57.491 [main] INFO org.springframework.test.context.support.AnnotationConfigContextLoaderUtils - Could not detect default configuration classes for test class [com.siliver.ch1.test.service.UserServiceTest]: UserServiceTest does not declare any static, non-private, non-final, nested classes annotated with @Configuration.
14:29:57.493 [main] DEBUG org.springframework.test.context.support.ActiveProfilesUtils - Could not find an 'annotation declaring class' for annotation type [org.springframework.test.context.ActiveProfiles] and class [com.siliver.ch1.test.service.UserServiceTest]
14:29:57.494 [main] INFO org.springframework.boot.test.context.SpringBootTestContextBootstrapper - Found @SpringBootConfiguration com.siliver.Ch1Main for test class com.siliver.ch1.test.service.UserServiceTest
14:29:57.496 [main] DEBUG org.springframework.boot.test.context.SpringBootTestContextBootstrapper - @TestExecutionListeners is not present for class [com.siliver.ch1.test.service.UserServiceTest]: using defaults.
14:29:57.496 [main] INFO org.springframework.boot.test.context.SpringBootTestContextBootstrapper - Loaded default TestExecutionListener class names from location [META-INF/spring.factories]: [org.springframework.boot.test.mock.mockito.MockitoTestExecutionListener, org.springframework.boot.test.mock.mockito.ResetMocksTestExecutionListener, org.springframework.boot.test.autoconfigure.restdocs.RestDocsTestExecutionListener, org.springframework.boot.test.autoconfigure.web.client.MockRestServiceServerResetTestExecutionListener, org.springframework.boot.test.autoconfigure.web.servlet.MockMvcPrintOnlyOnFailureTestExecutionListener, org.springframework.boot.test.autoconfigure.web.servlet.WebDriverTestExecutionListener, org.springframework.boot.test.autoconfigure.webservices.client.MockWebServiceServerTestExecutionListener, org.springframework.test.context.web.ServletTestExecutionListener, org.springframework.test.context.support.DirtiesContextBeforeModesTestExecutionListener, org.springframework.test.context.support.DependencyInjectionTestExecutionListener, org.springframework.test.context.support.DirtiesContextTestExecutionListener, org.springframework.test.context.transaction.TransactionalTestExecutionListener, org.springframework.test.context.jdbc.SqlScriptsTestExecutionListener, org.springframework.test.context.event.EventPublishingTestExecutionListener]
14:29:57.496 [main] INFO org.springframework.boot.test.context.SpringBootTestContextBootstrapper - Using TestExecutionListeners: [org.springframework.test.context.web.ServletTestExecutionListener@619bfe29, org.springframework.test.context.support.DirtiesContextBeforeModesTestExecutionListener@5b057c8c, org.springframework.boot.test.mock.mockito.MockitoTestExecutionListener@1eb6749b, org.springframework.boot.test.autoconfigure.SpringBootDependencyInjectionTestExecutionListener@652a7737, org.springframework.test.context.support.DirtiesContextTestExecutionListener@5b7ea70d, org.springframework.test.context.transaction.TransactionalTestExecutionListener@2bef51f2, org.springframework.test.context.jdbc.SqlScriptsTestExecutionListener@650eab8, org.springframework.test.context.event.EventPublishingTestExecutionListener@30f5a68a, org.springframework.boot.test.mock.mockito.ResetMocksTestExecutionListener@1e1d3956, org.springframework.boot.test.autoconfigure.restdocs.RestDocsTestExecutionListener@4f2c9ba6, org.springframework.boot.test.autoconfigure.web.client.MockRestServiceServerResetTestExecutionListener@4e28bdd1, org.springframework.boot.test.autoconfigure.web.servlet.MockMvcPrintOnlyOnFailureTestExecutionListener@53f48368, org.springframework.boot.test.autoconfigure.web.servlet.WebDriverTestExecutionListener@24d4d7c9, org.springframework.boot.test.autoconfigure.webservices.client.MockWebServiceServerTestExecutionListener@f0e995e]
14:29:57.496 [main] DEBUG org.springframework.test.annotation.ProfileValueUtils - Retrieved @ProfileValueSourceConfiguration [null] for test class [com.siliver.ch1.test.service.UserServiceTest]
14:29:57.496 [main] DEBUG org.springframework.test.annotation.ProfileValueUtils - Retrieved ProfileValueSource type [class org.springframework.test.annotation.SystemProfileValueSource] for class [com.siliver.ch1.test.service.UserServiceTest]
14:29:57.496 [main] DEBUG org.springframework.test.annotation.ProfileValueUtils - Retrieved @ProfileValueSourceConfiguration [null] for test class [com.siliver.ch1.test.service.UserServiceTest]
14:29:57.496 [main] DEBUG org.springframework.test.annotation.ProfileValueUtils - Retrieved ProfileValueSource type [class org.springframework.test.annotation.SystemProfileValueSource] for class [com.siliver.ch1.test.service.UserServiceTest]
14:29:57.496 [main] DEBUG org.springframework.test.annotation.ProfileValueUtils - Retrieved @ProfileValueSourceConfiguration [null] for test class [com.siliver.ch1.test.service.UserServiceTest]
14:29:57.496 [main] DEBUG org.springframework.test.annotation.ProfileValueUtils - Retrieved ProfileValueSource type [class org.springframework.test.annotation.SystemProfileValueSource] for class [com.siliver.ch1.test.service.UserServiceTest]
14:29:57.575 [main] DEBUG org.springframework.test.annotation.ProfileValueUtils - Retrieved @ProfileValueSourceConfiguration [null] for test class [com.siliver.ch1.test.controller.UserControllerTest]
14:29:57.575 [main] DEBUG org.springframework.test.annotation.ProfileValueUtils - Retrieved ProfileValueSource type [class org.springframework.test.annotation.SystemProfileValueSource] for class [com.siliver.ch1.test.controller.UserControllerTest]
14:29:57.578 [main] DEBUG org.springframework.test.annotation.ProfileValueUtils - Retrieved @ProfileValueSourceConfiguration [null] for test class [com.siliver.ch1.test.controller.UserControllerTest]
14:29:57.578 [main] DEBUG org.springframework.test.annotation.ProfileValueUtils - Retrieved ProfileValueSource type [class org.springframework.test.annotation.SystemProfileValueSource] for class [com.siliver.ch1.test.controller.UserControllerTest]
14:29:57.579 [main] DEBUG org.springframework.test.annotation.ProfileValueUtils - Retrieved @ProfileValueSourceConfiguration [null] for test class [com.siliver.ch1.test.controller.UserControllerTest]
14:29:57.579 [main] DEBUG org.springframework.test.annotation.ProfileValueUtils - Retrieved ProfileValueSource type [class org.springframework.test.annotation.SystemProfileValueSource] for class [com.siliver.ch1.test.controller.UserControllerTest]
14:29:57.586 [main] DEBUG org.springframework.test.context.support.AbstractDirtiesContextTestExecutionListener - Before test class: context [DefaultTestContext@191ae03f testClass = UserControllerTest, testInstance = [null], testMethod = [null], testException = [null], mergedContextConfiguration = [WebMergedContextConfiguration@9635fa testClass = UserControllerTest, locations = '{}', classes = '{class com.siliver.Ch1Main}', contextInitializerClasses = '[]', activeProfiles = '{}', propertySourceLocations = '{}', propertySourceProperties = '{org.springframework.boot.test.autoconfigure.web.servlet.WebMvcTestContextBootstrapper=true}', contextCustomizers = set[[ImportsContextCustomizer@53ab0286 key = [org.springframework.boot.autoconfigure.cache.CacheAutoConfiguration, org.springframework.boot.autoconfigure.context.MessageSourceAutoConfiguration, org.springframework.boot.autoconfigure.data.web.SpringDataWebAutoConfiguration, org.springframework.boot.autoconfigure.freemarker.FreeMarkerAutoConfiguration, org.springframework.boot.autoconfigure.groovy.template.GroovyTemplateAutoConfiguration, org.springframework.boot.autoconfigure.gson.GsonAutoConfiguration, org.springframework.boot.autoconfigure.hateoas.HypermediaAutoConfiguration, org.springframework.boot.autoconfigure.http.HttpMessageConvertersAutoConfiguration, org.springframework.boot.autoconfigure.jackson.JacksonAutoConfiguration, org.springframework.boot.autoconfigure.jsonb.JsonbAutoConfiguration, org.springframework.boot.autoconfigure.mustache.MustacheAutoConfiguration, org.springframework.boot.autoconfigure.task.TaskExecutionAutoConfiguration, org.springframework.boot.autoconfigure.thymeleaf.ThymeleafAutoConfiguration, org.springframework.boot.autoconfigure.validation.ValidationAutoConfiguration, org.springframework.boot.autoconfigure.web.servlet.error.ErrorMvcAutoConfiguration, org.springframework.boot.autoconfigure.web.servlet.HttpEncodingAutoConfiguration, org.springframework.boot.autoconfigure.web.servlet.WebMvcAutoConfiguration, org.springframework.boot.test.autoconfigure.web.servlet.MockMvcAutoConfiguration, org.springframework.boot.test.autoconfigure.web.servlet.MockMvcWebClientAutoConfiguration, org.springframework.boot.test.autoconfigure.web.servlet.MockMvcWebDriverAutoConfiguration, org.springframework.boot.autoconfigure.security.oauth2.client.servlet.OAuth2ClientAutoConfiguration, org.springframework.boot.autoconfigure.security.oauth2.resource.servlet.OAuth2ResourceServerAutoConfiguration, org.springframework.boot.autoconfigure.security.servlet.SecurityAutoConfiguration, org.springframework.boot.autoconfigure.security.servlet.SecurityFilterAutoConfiguration, org.springframework.boot.autoconfigure.security.servlet.UserDetailsServiceAutoConfiguration, org.springframework.boot.test.autoconfigure.web.servlet.MockMvcSecurityConfiguration]], org.springframework.boot.test.context.filter.ExcludeFilterContextCustomizer@26adfd2d, org.springframework.boot.test.json.DuplicateJsonObjectContextCustomizerFactory$DuplicateJsonObjectContextCustomizer@205d38da, org.springframework.boot.test.mock.mockito.MockitoContextCustomizer@452f69a6, org.springframework.boot.test.autoconfigure.OverrideAutoConfigurationContextCustomizerFactory$DisableAutoConfigurationContextCustomizer@6692b6c6, org.springframework.boot.test.autoconfigure.filter.TypeExcludeFiltersContextCustomizer@284f95bd, org.springframework.boot.test.autoconfigure.properties.PropertyMappingContextCustomizer@d1dc3613, org.springframework.boot.test.autoconfigure.web.servlet.WebDriverContextCustomizerFactory$Customizer@125290e5, org.springframework.boot.test.context.SpringBootTestArgs@1, org.springframework.boot.test.context.SpringBootTestWebEnvironment@0], resourceBasePath = 'src/main/webapp', contextLoader = 'org.springframework.boot.test.context.SpringBootContextLoader', parent = [null]], attributes = map[[empty]]], class annotated with @DirtiesContext [false] with mode [null].
14:29:57.589 [main] DEBUG org.springframework.test.annotation.ProfileValueUtils - Retrieved @ProfileValueSourceConfiguration [null] for test class [com.siliver.ch1.test.controller.UserControllerTest]
14:29:57.589 [main] DEBUG org.springframework.test.annotation.ProfileValueUtils - Retrieved ProfileValueSource type [class org.springframework.test.annotation.SystemProfileValueSource] for class [com.siliver.ch1.test.controller.UserControllerTest]
14:29:57.621 [main] DEBUG org.springframework.test.context.support.TestPropertySourceUtils - Adding inlined properties to environment: {spring.jmx.enabled=false, org.springframework.boot.test.autoconfigure.web.servlet.WebMvcTestContextBootstrapper=true}

  .   ____          _            __ _ _
 /\\ / ___'_ __ _ _(_)_ __  __ _ \ \ \ \
( ( )\___ | '_ | '_| | '_ \/ _` | \ \ \ \
 \\/  ___)| |_)| | | | | || (_| |  ) ) ) )
  '  |____| .__|_| |_|_| |_\__, | / / / /
 =========|_|==============|___/=/_/_/_/
 :: Spring Boot ::        (v2.3.5.RELEASE)

INFO 14:29:58 c.s.c.t.c.UserControllerTest.logStarting 55 :Starting UserControllerTest on 乖小孩不懂事 with PID 29284 (started by syp in E:\springboottest)
DEBUG 14:29:58 c.s.c.t.c.UserControllerTest.logStarting 56 :Running with Spring Boot v2.3.5.RELEASE, Spring v5.2.10.RELEASE
INFO 14:29:58 c.s.c.t.c.UserControllerTest.logStartupProfileInfo 651 :No active profile set, falling back to default profiles: default
WARN 14:29:58 o.s.h.c.j.Jackson2ObjectMapperBuilder.warn 127 :For Jackson Kotlin classes support please add "com.fasterxml.jackson.module:jackson-module-kotlin" to the classpath
INFO 14:30:00 o.s.s.c.ThreadPoolTaskExecutor.initialize 181 :Initializing ExecutorService 'applicationTaskExecutor'
INFO 14:30:00 o.s.b.a.w.s.WelcomePageHandlerMapping.<init> 54 :Adding welcome page: class path resource [static/index.html]
INFO 14:30:00 o.s.b.t.m.w.SpringBootMockServletContext.log 455 :Initializing Spring TestDispatcherServlet ''
INFO 14:30:00 o.s.t.w.s.TestDispatcherServlet.initServletBean 525 :Initializing Servlet ''
INFO 14:30:00 o.s.t.w.s.TestDispatcherServlet.initServletBean 547 :Completed initialization in 16 ms
INFO 14:30:00 c.s.c.t.c.UserControllerTest.logStarted 61 :Started UserControllerTest in 2.963 seconds (JVM running for 4.576)

MockHttpServletRequest:
      HTTP Method = GET
      Request URI = /user/10
       Parameters = {}
          Headers = []
             Body = null
    Session Attrs = {}

Handler:
             Type = org.springframework.web.servlet.resource.ResourceHttpRequestHandler

Async:
    Async started = false
     Async result = null

Resolved Exception:
             Type = null

ModelAndView:
        View name = null
             View = null
            Model = null

FlashMap:
       Attributes = null

MockHttpServletResponse:
           Status = 404
    Error message = null
          Headers = [Vary:"Origin", "Access-Control-Request-Method", "Access-Control-Request-Headers"]
     Content type = null
             Body = 
    Forwarded URL = null
   Redirected URL = null
          Cookies = []
]]></system-out>
  </testcase>
  <testcase name="updateUser" classname="com.siliver.ch1.test.controller.UserControllerTest" time="0.033">
    <failure message="No value at JSON path &quot;$.success&quot;" type="java.lang.AssertionError">java.lang.AssertionError: No value at JSON path "$.success"
	at com.siliver.ch1.test.controller.UserControllerTest.updateUser(UserControllerTest.java:47)
Caused by: java.lang.IllegalArgumentException: json can not be null or empty
	at com.siliver.ch1.test.controller.UserControllerTest.updateUser(UserControllerTest.java:47)
</failure>
    <system-out><![CDATA[
MockHttpServletRequest:
      HTTP Method = GET
      Request URI = /user/1/hiliiz
       Parameters = {}
          Headers = []
             Body = null
    Session Attrs = {}

Handler:
             Type = org.springframework.web.servlet.resource.ResourceHttpRequestHandler

Async:
    Async started = false
     Async result = null

Resolved Exception:
             Type = null

ModelAndView:
        View name = null
             View = null
            Model = null

FlashMap:
       Attributes = null

MockHttpServletResponse:
           Status = 404
    Error message = null
          Headers = [Vary:"Origin", "Access-Control-Request-Method", "Access-Control-Request-Headers"]
     Content type = null
             Body = 
    Forwarded URL = null
   Redirected URL = null
          Cookies = []
]]></system-out>
  </testcase>
</testsuite>