<?xml version="1.0" encoding="UTF-8"?>
<testsuite xmlns:xsi="http://www.w3.org/2001/XMLSchema-instance" xsi:noNamespaceSchemaLocation="https://maven.apache.org/surefire/maven-surefire-plugin/xsd/surefire-test-report.xsd" name="com.siliver.ch1.test.db.UserDbTest" time="8.703" tests="1" errors="1" skipped="0" failures="0">
  <properties>
[...]
</properties>
  <testcase name="updateNameTest" classname="com.siliver.ch1.test.db.UserDbTest" time="0.077">
    <error message="Cannot read SQL script from class path resource [com/bee/sample/ch9/test/db/user.sql]; nested exception is java.io.FileNotFoundException: class path resource [com/bee/sample/ch9/test/db/user.sql] cannot be opened because it does not exist" type="org.springframework.jdbc.datasource.init.CannotReadScriptException">org.springframework.jdbc.datasource.init.CannotReadScriptException: Cannot read SQL script from class path resource [com/bee/sample/ch9/test/db/user.sql]; nested exception is java.io.FileNotFoundException: class path resource [com/bee/sample/ch9/test/db/user.sql] cannot be opened because it does not exist
Caused by: java.io.FileNotFoundException: class path resource [com/bee/sample/ch9/test/db/user.sql] cannot be opened because it does not exist
</error>
    <system-out><![CDATA[
  .   ____          _            __ _ _
 /\\ / ___'_ __ _ _(_)_ __  __ _ \ \ \ \
( ( )\___ | '_ | '_| | '_ \/ _` | \ \ \ \
 \\/  ___)| |_)| | | | | || (_| |  ) ) ) )
  '  |____| .__|_| |_|_| |_\__, | / / / /
 =========|_|==============|___/=/_/_/_/
 :: Spring Boot ::        (v2.3.5.RELEASE)

INFO 14:30:00 c.s.c.t.d.UserDbTest.logStarting 55 :Starting UserDbTest on 乖小孩不懂事 with PID 29284 (started by syp in E:\springboottest)
DEBUG 14:30:00 c.s.c.t.d.UserDbTest.logStarting 56 :Running with Spring Boot v2.3.5.RELEASE, Spring v5.2.10.RELEASE
INFO 14:30:00 c.s.c.t.d.UserDbTest.logStartupProfileInfo 655 :The following profiles are active: test
INFO 14:30:01 o.s.d.r.c.RepositoryConfigurationDelegate.multipleStoresDetected 249 :Multiple Spring Data modules found, entering strict repository configuration mode!
INFO 14:30:01 o.s.d.r.c.RepositoryConfigurationDelegate.registerRepositoriesIn 127 :Bootstrapping Spring Data JPA repositories in DEFERRED mode.
DEBUG 14:30:01 o.s.d.r.c.RepositoryConfigurationDelegate.registerRepositoriesIn 140 :Scanning for JPA repositories in packages com.siliver.
DEBUG 14:30:01 o.s.d.r.c.RepositoryComponentProvider.scanCandidateComponents 435 :Identified candidate component class: file [E:\springboottest\target\classes\com\siliver\ch1\dao\UserRepository.class]
DEBUG 14:30:01 o.s.d.r.c.RepositoryConfigurationDelegate.potentiallyLazifyRepositories 229 :Registering deferred repository initialization listener.
INFO 14:30:01 o.s.d.r.c.RepositoryConfigurationDelegate.registerRepositoriesIn 187 :Finished Spring Data repository scanning in 65ms. Found 1 JPA repository interfaces.
INFO 14:30:01 o.s.d.r.c.RepositoryConfigurationDelegate.multipleStoresDetected 249 :Multiple Spring Data modules found, entering strict repository configuration mode!
INFO 14:30:01 o.s.d.r.c.RepositoryConfigurationDelegate.registerRepositoriesIn 127 :Bootstrapping Spring Data MongoDB repositories in DEFAULT mode.
DEBUG 14:30:01 o.s.d.r.c.RepositoryConfigurationDelegate.registerRepositoriesIn 140 :Scanning for MongoDB repositories in packages com.siliver.
DEBUG 14:30:01 o.s.d.r.c.RepositoryComponentProvider.scanCandidateComponents 435 :Identified candidate component class: file [E:\springboottest\target\classes\com\siliver\ch1\dao\UserRepository.class]
INFO 14:30:01 o.s.d.r.c.RepositoryConfigurationExtensionSupport.isStrictRepositoryCandidate 348 :Spring Data MongoDB - Could not safely identify store assignment for repository candidate interface com.siliver.ch1.dao.UserRepository. If you want this repository to be a MongoDB repository, consider annotating your entities with one of these annotations: org.springframework.data.mongodb.core.mapping.Document (preferred), or consider extending one of the following types with your repository: org.springframework.data.mongodb.repository.MongoRepository.
INFO 14:30:01 o.s.d.r.c.RepositoryConfigurationDelegate.registerRepositoriesIn 187 :Finished Spring Data repository scanning in 13ms. Found 0 MongoDB repository interfaces.
INFO 14:30:01 o.s.d.r.c.RepositoryConfigurationDelegate.multipleStoresDetected 249 :Multiple Spring Data modules found, entering strict repository configuration mode!
INFO 14:30:01 o.s.d.r.c.RepositoryConfigurationDelegate.registerRepositoriesIn 127 :Bootstrapping Spring Data Redis repositories in DEFAULT mode.
DEBUG 14:30:01 o.s.d.r.c.RepositoryConfigurationDelegate.registerRepositoriesIn 140 :Scanning for Redis repositories in packages com.siliver.
DEBUG 14:30:01 o.s.d.r.c.RepositoryComponentProvider.scanCandidateComponents 435 :Identified candidate component class: file [E:\springboottest\target\classes\com\siliver\ch1\dao\UserRepository.class]
INFO 14:30:01 o.s.d.r.c.RepositoryConfigurationExtensionSupport.isStrictRepositoryCandidate 348 :Spring Data Redis - Could not safely identify store assignment for repository candidate interface com.siliver.ch1.dao.UserRepository. If you want this repository to be a Redis repository, consider annotating your entities with one of these annotations: org.springframework.data.redis.core.RedisHash (preferred), or consider extending one of the following types with your repository: org.springframework.data.keyvalue.repository.KeyValueRepository.
INFO 14:30:01 o.s.d.r.c.RepositoryConfigurationDelegate.registerRepositoriesIn 187 :Finished Spring Data repository scanning in 9ms. Found 0 Redis repository interfaces.
INFO 14:30:02 o.s.s.c.ThreadPoolTaskExecutor.initialize 181 :Initializing ExecutorService 'applicationTaskExecutor'
INFO 14:30:02 c.z.h.HikariDataSource.getConnection 110 :HikariPool-1 - Starting...
INFO 14:30:03 c.z.h.HikariDataSource.getConnection 123 :HikariPool-1 - Start completed.
INFO 14:30:03 o.h.j.i.u.LogHelper.logPersistenceUnitInformation 31 :HHH000204: Processing PersistenceUnitInfo [name: default]
INFO 14:30:03 o.hibernate.Version.logVersion 44 :HHH000412: Hibernate ORM core version 5.4.22.Final
INFO 14:30:03 c.s.c.c.BeetlExtConfig.config 43 :==================file:/E:/springboottest/target/classes/templates/functions
INFO 14:30:03 o.h.a.common.Version.<clinit> 49 :HCANN000001: Hibernate Commons Annotations {5.1.0.Final}
DEBUG 14:30:04 o.s.d.r.c.RepositoryConfigurationDelegate$LazyRepositoryInjectionPointResolver.isLazy 302 :Creating lazy injection proxy for com.siliver.ch1.dao.UserRepository…
BeetlSQL 运行在 product=false,md charset=GBK
INFO 14:30:04 o.h.dialect.Dialect.<init> 170 :HHH000400: Using dialect: org.hibernate.dialect.MySQL8Dialect
INFO 14:30:04 c.s.c.c.EnvConfig.postProcessBeforeInitialization 29 :=========== getURLTestBean
INFO 14:30:05 o.h.e.t.j.p.i.JtaPlatformInitiator.initiateService 52 :HHH000490: Using JtaPlatform implementation: [org.hibernate.engine.transaction.jta.platform.internal.NoJtaPlatform]
INFO 14:30:05 o.s.o.j.LocalContainerEntityManagerFactoryBean.buildNativeEntityManagerFactory 416 :Initialized JPA EntityManagerFactory for persistence unit 'default'
WARN 14:30:05 o.s.b.a.o.j.JpaBaseConfiguration$JpaWebConfiguration.openEntityManagerInViewInterceptor 220 :spring.jpa.open-in-view is enabled by default. Therefore, database queries may be performed during view rendering. Explicitly configure spring.jpa.open-in-view to disable this warning
INFO 14:30:05 o.s.b.a.w.s.WelcomePageHandlerMapping.<init> 54 :Adding welcome page: class path resource [static/index.html]
DEBUG 14:30:06 o.s.d.c.CustomConversions.isSupportedConverter 298 :Adding converter from class java.lang.String to class [B as writing converter.
DEBUG 14:30:06 o.s.d.c.CustomConversions.isSupportedConverter 298 :Adding converter from class [B to class java.lang.String as reading converter.
DEBUG 14:30:06 o.s.d.c.CustomConversions.isSupportedConverter 298 :Adding converter from class java.lang.Number to class [B as writing converter.
DEBUG 14:30:06 o.s.d.c.CustomConversions.isSupportedConverter 298 :Adding converter from class [B to class java.lang.Number as reading converter.
DEBUG 14:30:06 o.s.d.c.CustomConversions.isSupportedConverter 298 :Adding converter from class java.lang.Enum to class [B as writing converter.
DEBUG 14:30:06 o.s.d.c.CustomConversions.isSupportedConverter 298 :Adding converter from class [B to class java.lang.Enum as reading converter.
DEBUG 14:30:06 o.s.d.c.CustomConversions.isSupportedConverter 298 :Adding converter from class java.lang.Boolean to class [B as writing converter.
DEBUG 14:30:06 o.s.d.c.CustomConversions.isSupportedConverter 298 :Adding converter from class [B to class java.lang.Boolean as reading converter.
DEBUG 14:30:06 o.s.d.c.CustomConversions.isSupportedConverter 298 :Adding converter from class java.util.Date to class [B as writing converter.
DEBUG 14:30:06 o.s.d.c.CustomConversions.isSupportedConverter 298 :Adding converter from class [B to class java.util.Date as reading converter.
DEBUG 14:30:06 o.s.d.c.CustomConversions.isSupportedConverter 298 :Adding converter from class java.util.UUID to class [B as writing converter.
DEBUG 14:30:06 o.s.d.c.CustomConversions.isSupportedConverter 298 :Adding converter from class [B to class java.util.UUID as reading converter.
DEBUG 14:30:06 o.s.d.c.CustomConversions.isSupportedConverter 298 :Adding converter from class java.time.LocalDateTime to class [B as writing converter.
DEBUG 14:30:06 o.s.d.c.CustomConversions.isSupportedConverter 298 :Adding converter from class [B to class java.time.LocalDateTime as reading converter.
DEBUG 14:30:06 o.s.d.c.CustomConversions.isSupportedConverter 298 :Adding converter from class java.time.LocalDate to class [B as writing converter.
DEBUG 14:30:06 o.s.d.c.CustomConversions.isSupportedConverter 298 :Adding converter from class [B to class java.time.LocalDate as reading converter.
DEBUG 14:30:06 o.s.d.c.CustomConversions.isSupportedConverter 298 :Adding converter from class java.time.LocalTime to class [B as writing converter.
DEBUG 14:30:06 o.s.d.c.CustomConversions.isSupportedConverter 298 :Adding converter from class [B to class java.time.LocalTime as reading converter.
DEBUG 14:30:06 o.s.d.c.CustomConversions.isSupportedConverter 298 :Adding converter from class java.time.ZonedDateTime to class [B as writing converter.
DEBUG 14:30:06 o.s.d.c.CustomConversions.isSupportedConverter 298 :Adding converter from class [B to class java.time.ZonedDateTime as reading converter.
DEBUG 14:30:06 o.s.d.c.CustomConversions.isSupportedConverter 298 :Adding converter from class java.time.Instant to class [B as writing converter.
DEBUG 14:30:06 o.s.d.c.CustomConversions.isSupportedConverter 298 :Adding converter from class [B to class java.time.Instant as reading converter.
DEBUG 14:30:06 o.s.d.c.CustomConversions.isSupportedConverter 298 :Adding converter from class java.time.ZoneId to class [B as writing converter.
DEBUG 14:30:06 o.s.d.c.CustomConversions.isSupportedConverter 298 :Adding converter from class [B to class java.time.ZoneId as reading converter.
DEBUG 14:30:06 o.s.d.c.CustomConversions.isSupportedConverter 298 :Adding converter from class java.time.Period to class [B as writing converter.
DEBUG 14:30:06 o.s.d.c.CustomConversions.isSupportedConverter 298 :Adding converter from class [B to class java.time.Period as reading converter.
DEBUG 14:30:06 o.s.d.c.CustomConversions.isSupportedConverter 298 :Adding converter from class java.time.Duration to class [B as writing converter.
DEBUG 14:30:06 o.s.d.c.CustomConversions.isSupportedConverter 298 :Adding converter from class [B to class java.time.Duration as reading converter.
DEBUG 14:30:06 o.s.d.c.CustomConversions.isSupportedConverter 298 :Adding converter from class java.util.Date to class java.time.LocalDateTime as reading converter.
DEBUG 14:30:06 o.s.d.c.CustomConversions.isSupportedConverter 298 :Adding converter from class java.time.LocalDateTime to class java.util.Date as writing converter.
DEBUG 14:30:06 o.s.d.c.CustomConversions.isSupportedConverter 298 :Adding converter from class java.util.Date to class java.time.LocalDate as reading converter.
DEBUG 14:30:06 o.s.d.c.CustomConversions.isSupportedConverter 298 :Adding converter from class java.time.LocalDate to class java.util.Date as writing converter.
DEBUG 14:30:06 o.s.d.c.CustomConversions.isSupportedConverter 298 :Adding converter from class java.util.Date to class java.time.LocalTime as reading converter.
DEBUG 14:30:06 o.s.d.c.CustomConversions.isSupportedConverter 298 :Adding converter from class java.time.LocalTime to class java.util.Date as writing converter.
DEBUG 14:30:06 o.s.d.c.CustomConversions.isSupportedConverter 298 :Adding converter from class java.util.Date to class java.time.Instant as reading converter.
DEBUG 14:30:06 o.s.d.c.CustomConversions.isSupportedConverter 298 :Adding converter from class java.time.Instant to class java.util.Date as writing converter.
DEBUG 14:30:06 o.s.d.c.CustomConversions.isSupportedConverter 298 :Adding converter from class java.time.LocalDateTime to class java.time.Instant as reading converter.
DEBUG 14:30:06 o.s.d.c.CustomConversions.isSupportedConverter 298 :Adding converter from class java.time.Instant to class java.time.LocalDateTime as reading converter.
DEBUG 14:30:06 o.s.d.c.CustomConversions.isSupportedConverter 298 :Adding converter from class java.time.ZoneId to class java.lang.String as writing converter.
DEBUG 14:30:06 o.s.d.c.CustomConversions.isSupportedConverter 298 :Adding converter from class java.lang.String to class java.time.ZoneId as reading converter.
DEBUG 14:30:06 o.s.d.c.CustomConversions.isSupportedConverter 298 :Adding converter from class java.time.Duration to class java.lang.String as writing converter.
DEBUG 14:30:06 o.s.d.c.CustomConversions.isSupportedConverter 298 :Adding converter from class java.lang.String to class java.time.Duration as reading converter.
DEBUG 14:30:06 o.s.d.c.CustomConversions.isSupportedConverter 298 :Adding converter from class java.time.Period to class java.lang.String as writing converter.
DEBUG 14:30:06 o.s.d.c.CustomConversions.isSupportedConverter 298 :Adding converter from class java.lang.String to class java.time.Period as reading converter.
DEBUG 14:30:06 o.s.d.c.CustomConversions.isSupportedConverter 298 :Adding converter from class java.lang.String to class java.time.LocalDate as reading converter.
DEBUG 14:30:06 o.s.d.c.CustomConversions.isSupportedConverter 298 :Adding converter from class java.lang.String to class java.time.LocalDateTime as reading converter.
DEBUG 14:30:06 o.s.d.c.CustomConversions.isSupportedConverter 298 :Adding converter from class java.lang.String to class java.time.Instant as reading converter.
DEBUG 14:30:06 o.s.d.c.CustomConversions.isSupportedConverter 298 :Adding converter from class java.lang.String to class [B as writing converter.
DEBUG 14:30:06 o.s.d.c.CustomConversions.isSupportedConverter 298 :Adding converter from class [B to class java.lang.String as reading converter.
DEBUG 14:30:06 o.s.d.c.CustomConversions.isSupportedConverter 298 :Adding converter from class java.lang.Number to class [B as writing converter.
DEBUG 14:30:06 o.s.d.c.CustomConversions.isSupportedConverter 298 :Adding converter from class [B to class java.lang.Number as reading converter.
DEBUG 14:30:06 o.s.d.c.CustomConversions.isSupportedConverter 298 :Adding converter from class java.lang.Enum to class [B as writing converter.
DEBUG 14:30:06 o.s.d.c.CustomConversions.isSupportedConverter 298 :Adding converter from class [B to class java.lang.Enum as reading converter.
DEBUG 14:30:06 o.s.d.c.CustomConversions.isSupportedConverter 298 :Adding converter from class java.lang.Boolean to class [B as writing converter.
DEBUG 14:30:06 o.s.d.c.CustomConversions.isSupportedConverter 298 :Adding converter from class [B to class java.lang.Boolean as reading converter.
DEBUG 14:30:06 o.s.d.c.CustomConversions.isSupportedConverter 298 :Adding converter from class java.util.Date to class [B as writing converter.
DEBUG 14:30:06 o.s.d.c.CustomConversions.isSupportedConverter 298 :Adding converter from class [B to class java.util.Date as reading converter.
DEBUG 14:30:06 o.s.d.c.CustomConversions.isSupportedConverter 298 :Adding converter from class java.util.UUID to class [B as writing converter.
DEBUG 14:30:06 o.s.d.c.CustomConversions.isSupportedConverter 298 :Adding converter from class [B to class java.util.UUID as reading converter.
DEBUG 14:30:06 o.s.d.c.CustomConversions.isSupportedConverter 298 :Adding converter from class java.time.LocalDateTime to class [B as writing converter.
DEBUG 14:30:06 o.s.d.c.CustomConversions.isSupportedConverter 298 :Adding converter from class [B to class java.time.LocalDateTime as reading converter.
DEBUG 14:30:06 o.s.d.c.CustomConversions.isSupportedConverter 298 :Adding converter from class java.time.LocalDate to class [B as writing converter.
DEBUG 14:30:06 o.s.d.c.CustomConversions.isSupportedConverter 298 :Adding converter from class [B to class java.time.LocalDate as reading converter.
DEBUG 14:30:06 o.s.d.c.CustomConversions.isSupportedConverter 298 :Adding converter from class java.time.LocalTime to class [B as writing converter.
DEBUG 14:30:06 o.s.d.c.CustomConversions.isSupportedConverter 298 :Adding converter from class [B to class java.time.LocalTime as reading converter.
DEBUG 14:30:06 o.s.d.c.CustomConversions.isSupportedConverter 298 :Adding converter from class java.time.ZonedDateTime to class [B as writing converter.
DEBUG 14:30:06 o.s.d.c.CustomConversions.isSupportedConverter 298 :Adding converter from class [B to class java.time.ZonedDateTime as reading converter.
DEBUG 14:30:06 o.s.d.c.CustomConversions.isSupportedConverter 298 :Adding converter from class java.time.Instant to class [B as writing converter.
DEBUG 14:30:06 o.s.d.c.CustomConversions.isSupportedConverter 298 :Adding converter from class [B to class java.time.Instant as reading converter.
DEBUG 14:30:06 o.s.d.c.CustomConversions.isSupportedConverter 298 :Adding converter from class java.time.ZoneId to class [B as writing converter.
DEBUG 14:30:06 o.s.d.c.CustomConversions.isSupportedConverter 298 :Adding converter from class [B to class java.time.ZoneId as reading converter.
DEBUG 14:30:06 o.s.d.c.CustomConversions.isSupportedConverter 298 :Adding converter from class java.time.Period to class [B as writing converter.
DEBUG 14:30:06 o.s.d.c.CustomConversions.isSupportedConverter 298 :Adding converter from class [B to class java.time.Period as reading converter.
DEBUG 14:30:06 o.s.d.c.CustomConversions.isSupportedConverter 298 :Adding converter from class java.time.Duration to class [B as writing converter.
DEBUG 14:30:06 o.s.d.c.CustomConversions.isSupportedConverter 298 :Adding converter from class [B to class java.time.Duration as reading converter.
DEBUG 14:30:06 o.s.d.c.CustomConversions.isSupportedConverter 298 :Adding converter from class java.util.Date to class java.time.LocalDateTime as reading converter.
DEBUG 14:30:06 o.s.d.c.CustomConversions.isSupportedConverter 298 :Adding converter from class java.time.LocalDateTime to class java.util.Date as writing converter.
DEBUG 14:30:06 o.s.d.c.CustomConversions.isSupportedConverter 298 :Adding converter from class java.util.Date to class java.time.LocalDate as reading converter.
DEBUG 14:30:06 o.s.d.c.CustomConversions.isSupportedConverter 298 :Adding converter from class java.time.LocalDate to class java.util.Date as writing converter.
DEBUG 14:30:06 o.s.d.c.CustomConversions.isSupportedConverter 298 :Adding converter from class java.util.Date to class java.time.LocalTime as reading converter.
DEBUG 14:30:06 o.s.d.c.CustomConversions.isSupportedConverter 298 :Adding converter from class java.time.LocalTime to class java.util.Date as writing converter.
DEBUG 14:30:06 o.s.d.c.CustomConversions.isSupportedConverter 298 :Adding converter from class java.util.Date to class java.time.Instant as reading converter.
DEBUG 14:30:06 o.s.d.c.CustomConversions.isSupportedConverter 298 :Adding converter from class java.time.Instant to class java.util.Date as writing converter.
DEBUG 14:30:06 o.s.d.c.CustomConversions.isSupportedConverter 298 :Adding converter from class java.time.LocalDateTime to class java.time.Instant as reading converter.
DEBUG 14:30:06 o.s.d.c.CustomConversions.isSupportedConverter 298 :Adding converter from class java.time.Instant to class java.time.LocalDateTime as reading converter.
DEBUG 14:30:06 o.s.d.c.CustomConversions.isSupportedConverter 298 :Adding converter from class java.time.ZoneId to class java.lang.String as writing converter.
DEBUG 14:30:06 o.s.d.c.CustomConversions.isSupportedConverter 298 :Adding converter from class java.lang.String to class java.time.ZoneId as reading converter.
DEBUG 14:30:06 o.s.d.c.CustomConversions.isSupportedConverter 298 :Adding converter from class java.time.Duration to class java.lang.String as writing converter.
DEBUG 14:30:06 o.s.d.c.CustomConversions.isSupportedConverter 298 :Adding converter from class java.lang.String to class java.time.Duration as reading converter.
DEBUG 14:30:06 o.s.d.c.CustomConversions.isSupportedConverter 298 :Adding converter from class java.time.Period to class java.lang.String as writing converter.
DEBUG 14:30:06 o.s.d.c.CustomConversions.isSupportedConverter 298 :Adding converter from class java.lang.String to class java.time.Period as reading converter.
DEBUG 14:30:06 o.s.d.c.CustomConversions.isSupportedConverter 298 :Adding converter from class java.lang.String to class java.time.LocalDate as reading converter.
DEBUG 14:30:06 o.s.d.c.CustomConversions.isSupportedConverter 298 :Adding converter from class java.lang.String to class java.time.LocalDateTime as reading converter.
DEBUG 14:30:06 o.s.d.c.CustomConversions.isSupportedConverter 298 :Adding converter from class java.lang.String to class java.time.Instant as reading converter.
DEBUG 14:30:06 o.s.d.c.CustomConversions.isSupportedConverter 298 :Adding converter from class java.lang.String to class [B as writing converter.
DEBUG 14:30:06 o.s.d.c.CustomConversions.isSupportedConverter 298 :Adding converter from class [B to class java.lang.String as reading converter.
DEBUG 14:30:06 o.s.d.c.CustomConversions.isSupportedConverter 298 :Adding converter from class java.lang.Number to class [B as writing converter.
DEBUG 14:30:06 o.s.d.c.CustomConversions.isSupportedConverter 298 :Adding converter from class [B to class java.lang.Number as reading converter.
DEBUG 14:30:06 o.s.d.c.CustomConversions.isSupportedConverter 298 :Adding converter from class java.lang.Enum to class [B as writing converter.
DEBUG 14:30:06 o.s.d.c.CustomConversions.isSupportedConverter 298 :Adding converter from class [B to class java.lang.Enum as reading converter.
DEBUG 14:30:06 o.s.d.c.CustomConversions.isSupportedConverter 298 :Adding converter from class java.lang.Boolean to class [B as writing converter.
DEBUG 14:30:06 o.s.d.c.CustomConversions.isSupportedConverter 298 :Adding converter from class [B to class java.lang.Boolean as reading converter.
DEBUG 14:30:06 o.s.d.c.CustomConversions.isSupportedConverter 298 :Adding converter from class java.util.Date to class [B as writing converter.
DEBUG 14:30:06 o.s.d.c.CustomConversions.isSupportedConverter 298 :Adding converter from class [B to class java.util.Date as reading converter.
DEBUG 14:30:06 o.s.d.c.CustomConversions.isSupportedConverter 298 :Adding converter from class java.util.UUID to class [B as writing converter.
DEBUG 14:30:06 o.s.d.c.CustomConversions.isSupportedConverter 298 :Adding converter from class [B to class java.util.UUID as reading converter.
DEBUG 14:30:06 o.s.d.c.CustomConversions.isSupportedConverter 298 :Adding converter from class java.time.LocalDateTime to class [B as writing converter.
DEBUG 14:30:06 o.s.d.c.CustomConversions.isSupportedConverter 298 :Adding converter from class [B to class java.time.LocalDateTime as reading converter.
DEBUG 14:30:06 o.s.d.c.CustomConversions.isSupportedConverter 298 :Adding converter from class java.time.LocalDate to class [B as writing converter.
DEBUG 14:30:06 o.s.d.c.CustomConversions.isSupportedConverter 298 :Adding converter from class [B to class java.time.LocalDate as reading converter.
DEBUG 14:30:06 o.s.d.c.CustomConversions.isSupportedConverter 298 :Adding converter from class java.time.LocalTime to class [B as writing converter.
DEBUG 14:30:06 o.s.d.c.CustomConversions.isSupportedConverter 298 :Adding converter from class [B to class java.time.LocalTime as reading converter.
DEBUG 14:30:06 o.s.d.c.CustomConversions.isSupportedConverter 298 :Adding converter from class java.time.ZonedDateTime to class [B as writing converter.
DEBUG 14:30:06 o.s.d.c.CustomConversions.isSupportedConverter 298 :Adding converter from class [B to class java.time.ZonedDateTime as reading converter.
DEBUG 14:30:06 o.s.d.c.CustomConversions.isSupportedConverter 298 :Adding converter from class java.time.Instant to class [B as writing converter.
DEBUG 14:30:06 o.s.d.c.CustomConversions.isSupportedConverter 298 :Adding converter from class [B to class java.time.Instant as reading converter.
DEBUG 14:30:06 o.s.d.c.CustomConversions.isSupportedConverter 298 :Adding converter from class java.time.ZoneId to class [B as writing converter.
DEBUG 14:30:06 o.s.d.c.CustomConversions.isSupportedConverter 298 :Adding converter from class [B to class java.time.ZoneId as reading converter.
DEBUG 14:30:06 o.s.d.c.CustomConversions.isSupportedConverter 298 :Adding converter from class java.time.Period to class [B as writing converter.
DEBUG 14:30:06 o.s.d.c.CustomConversions.isSupportedConverter 298 :Adding converter from class [B to class java.time.Period as reading converter.
DEBUG 14:30:06 o.s.d.c.CustomConversions.isSupportedConverter 298 :Adding converter from class java.time.Duration to class [B as writing converter.
DEBUG 14:30:06 o.s.d.c.CustomConversions.isSupportedConverter 298 :Adding converter from class [B to class java.time.Duration as reading converter.
DEBUG 14:30:06 o.s.d.c.CustomConversions.isSupportedConverter 298 :Adding converter from class java.util.Date to class java.time.LocalDateTime as reading converter.
DEBUG 14:30:06 o.s.d.c.CustomConversions.isSupportedConverter 298 :Adding converter from class java.time.LocalDateTime to class java.util.Date as writing converter.
DEBUG 14:30:06 o.s.d.c.CustomConversions.isSupportedConverter 298 :Adding converter from class java.util.Date to class java.time.LocalDate as reading converter.
DEBUG 14:30:06 o.s.d.c.CustomConversions.isSupportedConverter 298 :Adding converter from class java.time.LocalDate to class java.util.Date as writing converter.
DEBUG 14:30:06 o.s.d.c.CustomConversions.isSupportedConverter 298 :Adding converter from class java.util.Date to class java.time.LocalTime as reading converter.
DEBUG 14:30:06 o.s.d.c.CustomConversions.isSupportedConverter 298 :Adding converter from class java.time.LocalTime to class java.util.Date as writing converter.
DEBUG 14:30:06 o.s.d.c.CustomConversions.isSupportedConverter 298 :Adding converter from class java.util.Date to class java.time.Instant as reading converter.
DEBUG 14:30:06 o.s.d.c.CustomConversions.isSupportedConverter 298 :Adding converter from class java.time.Instant to class java.util.Date as writing converter.
DEBUG 14:30:06 o.s.d.c.CustomConversions.isSupportedConverter 298 :Adding converter from class java.time.LocalDateTime to class java.time.Instant as reading converter.
DEBUG 14:30:06 o.s.d.c.CustomConversions.isSupportedConverter 298 :Adding converter from class java.time.Instant to class java.time.LocalDateTime as reading converter.
DEBUG 14:30:06 o.s.d.c.CustomConversions.isSupportedConverter 298 :Adding converter from class java.time.ZoneId to class java.lang.String as writing converter.
DEBUG 14:30:06 o.s.d.c.CustomConversions.isSupportedConverter 298 :Adding converter from class java.lang.String to class java.time.ZoneId as reading converter.
DEBUG 14:30:06 o.s.d.c.CustomConversions.isSupportedConverter 298 :Adding converter from class java.time.Duration to class java.lang.String as writing converter.
DEBUG 14:30:06 o.s.d.c.CustomConversions.isSupportedConverter 298 :Adding converter from class java.lang.String to class java.time.Duration as reading converter.
DEBUG 14:30:06 o.s.d.c.CustomConversions.isSupportedConverter 298 :Adding converter from class java.time.Period to class java.lang.String as writing converter.
DEBUG 14:30:06 o.s.d.c.CustomConversions.isSupportedConverter 298 :Adding converter from class java.lang.String to class java.time.Period as reading converter.
DEBUG 14:30:06 o.s.d.c.CustomConversions.isSupportedConverter 298 :Adding converter from class java.lang.String to class java.time.LocalDate as reading converter.
DEBUG 14:30:06 o.s.d.c.CustomConversions.isSupportedConverter 298 :Adding converter from class java.lang.String to class java.time.LocalDateTime as reading converter.
DEBUG 14:30:06 o.s.d.c.CustomConversions.isSupportedConverter 298 :Adding converter from class java.lang.String to class java.time.Instant as reading converter.
DEBUG 14:30:06 o.s.d.c.CustomConversions.isSupportedConverter 298 :Adding converter from class java.lang.String to class [B as writing converter.
DEBUG 14:30:06 o.s.d.c.CustomConversions.isSupportedConverter 298 :Adding converter from class [B to class java.lang.String as reading converter.
DEBUG 14:30:06 o.s.d.c.CustomConversions.isSupportedConverter 298 :Adding converter from class java.lang.Number to class [B as writing converter.
DEBUG 14:30:06 o.s.d.c.CustomConversions.isSupportedConverter 298 :Adding converter from class [B to class java.lang.Number as reading converter.
DEBUG 14:30:06 o.s.d.c.CustomConversions.isSupportedConverter 298 :Adding converter from class java.lang.Enum to class [B as writing converter.
DEBUG 14:30:06 o.s.d.c.CustomConversions.isSupportedConverter 298 :Adding converter from class [B to class java.lang.Enum as reading converter.
DEBUG 14:30:06 o.s.d.c.CustomConversions.isSupportedConverter 298 :Adding converter from class java.lang.Boolean to class [B as writing converter.
DEBUG 14:30:06 o.s.d.c.CustomConversions.isSupportedConverter 298 :Adding converter from class [B to class java.lang.Boolean as reading converter.
DEBUG 14:30:06 o.s.d.c.CustomConversions.isSupportedConverter 298 :Adding converter from class java.util.Date to class [B as writing converter.
DEBUG 14:30:06 o.s.d.c.CustomConversions.isSupportedConverter 298 :Adding converter from class [B to class java.util.Date as reading converter.
DEBUG 14:30:06 o.s.d.c.CustomConversions.isSupportedConverter 298 :Adding converter from class java.util.UUID to class [B as writing converter.
DEBUG 14:30:06 o.s.d.c.CustomConversions.isSupportedConverter 298 :Adding converter from class [B to class java.util.UUID as reading converter.
DEBUG 14:30:06 o.s.d.c.CustomConversions.isSupportedConverter 298 :Adding converter from class java.time.LocalDateTime to class [B as writing converter.
DEBUG 14:30:06 o.s.d.c.CustomConversions.isSupportedConverter 298 :Adding converter from class [B to class java.time.LocalDateTime as reading converter.
DEBUG 14:30:06 o.s.d.c.CustomConversions.isSupportedConverter 298 :Adding converter from class java.time.LocalDate to class [B as writing converter.
DEBUG 14:30:06 o.s.d.c.CustomConversions.isSupportedConverter 298 :Adding converter from class [B to class java.time.LocalDate as reading converter.
DEBUG 14:30:06 o.s.d.c.CustomConversions.isSupportedConverter 298 :Adding converter from class java.time.LocalTime to class [B as writing converter.
DEBUG 14:30:06 o.s.d.c.CustomConversions.isSupportedConverter 298 :Adding converter from class [B to class java.time.LocalTime as reading converter.
DEBUG 14:30:06 o.s.d.c.CustomConversions.isSupportedConverter 298 :Adding converter from class java.time.ZonedDateTime to class [B as writing converter.
DEBUG 14:30:06 o.s.d.c.CustomConversions.isSupportedConverter 298 :Adding converter from class [B to class java.time.ZonedDateTime as reading converter.
DEBUG 14:30:06 o.s.d.c.CustomConversions.isSupportedConverter 298 :Adding converter from class java.time.Instant to class [B as writing converter.
DEBUG 14:30:06 o.s.d.c.CustomConversions.isSupportedConverter 298 :Adding converter from class [B to class java.time.Instant as reading converter.
DEBUG 14:30:06 o.s.d.c.CustomConversions.isSupportedConverter 298 :Adding converter from class java.time.ZoneId to class [B as writing converter.
DEBUG 14:30:06 o.s.d.c.CustomConversions.isSupportedConverter 298 :Adding converter from class [B to class java.time.ZoneId as reading converter.
DEBUG 14:30:06 o.s.d.c.CustomConversions.isSupportedConverter 298 :Adding converter from class java.time.Period to class [B as writing converter.
DEBUG 14:30:06 o.s.d.c.CustomConversions.isSupportedConverter 298 :Adding converter from class [B to class java.time.Period as reading converter.
DEBUG 14:30:06 o.s.d.c.CustomConversions.isSupportedConverter 298 :Adding converter from class java.time.Duration to class [B as writing converter.
DEBUG 14:30:06 o.s.d.c.CustomConversions.isSupportedConverter 298 :Adding converter from class [B to class java.time.Duration as reading converter.
DEBUG 14:30:06 o.s.d.c.CustomConversions.isSupportedConverter 298 :Adding converter from class java.util.Date to class java.time.LocalDateTime as reading converter.
DEBUG 14:30:06 o.s.d.c.CustomConversions.isSupportedConverter 298 :Adding converter from class java.time.LocalDateTime to class java.util.Date as writing converter.
DEBUG 14:30:06 o.s.d.c.CustomConversions.isSupportedConverter 298 :Adding converter from class java.util.Date to class java.time.LocalDate as reading converter.
DEBUG 14:30:06 o.s.d.c.CustomConversions.isSupportedConverter 298 :Adding converter from class java.time.LocalDate to class java.util.Date as writing converter.
DEBUG 14:30:06 o.s.d.c.CustomConversions.isSupportedConverter 298 :Adding converter from class java.util.Date to class java.time.LocalTime as reading converter.
DEBUG 14:30:06 o.s.d.c.CustomConversions.isSupportedConverter 298 :Adding converter from class java.time.LocalTime to class java.util.Date as writing converter.
DEBUG 14:30:06 o.s.d.c.CustomConversions.isSupportedConverter 298 :Adding converter from class java.util.Date to class java.time.Instant as reading converter.
DEBUG 14:30:06 o.s.d.c.CustomConversions.isSupportedConverter 298 :Adding converter from class java.time.Instant to class java.util.Date as writing converter.
DEBUG 14:30:06 o.s.d.c.CustomConversions.isSupportedConverter 298 :Adding converter from class java.time.LocalDateTime to class java.time.Instant as reading converter.
DEBUG 14:30:06 o.s.d.c.CustomConversions.isSupportedConverter 298 :Adding converter from class java.time.Instant to class java.time.LocalDateTime as reading converter.
DEBUG 14:30:06 o.s.d.c.CustomConversions.isSupportedConverter 298 :Adding converter from class java.time.ZoneId to class java.lang.String as writing converter.
DEBUG 14:30:06 o.s.d.c.CustomConversions.isSupportedConverter 298 :Adding converter from class java.lang.String to class java.time.ZoneId as reading converter.
DEBUG 14:30:06 o.s.d.c.CustomConversions.isSupportedConverter 298 :Adding converter from class java.time.Duration to class java.lang.String as writing converter.
DEBUG 14:30:06 o.s.d.c.CustomConversions.isSupportedConverter 298 :Adding converter from class java.lang.String to class java.time.Duration as reading converter.
DEBUG 14:30:06 o.s.d.c.CustomConversions.isSupportedConverter 298 :Adding converter from class java.time.Period to class java.lang.String as writing converter.
DEBUG 14:30:06 o.s.d.c.CustomConversions.isSupportedConverter 298 :Adding converter from class java.lang.String to class java.time.Period as reading converter.
DEBUG 14:30:06 o.s.d.c.CustomConversions.isSupportedConverter 298 :Adding converter from class java.lang.String to class java.time.LocalDate as reading converter.
DEBUG 14:30:06 o.s.d.c.CustomConversions.isSupportedConverter 298 :Adding converter from class java.lang.String to class java.time.LocalDateTime as reading converter.
DEBUG 14:30:06 o.s.d.c.CustomConversions.isSupportedConverter 298 :Adding converter from class java.lang.String to class java.time.Instant as reading converter.
DEBUG 14:30:06 o.s.d.c.CustomConversions.isSupportedConverter 298 :Adding converter from class java.lang.String to class [B as writing converter.
DEBUG 14:30:06 o.s.d.c.CustomConversions.isSupportedConverter 298 :Adding converter from class [B to class java.lang.String as reading converter.
DEBUG 14:30:06 o.s.d.c.CustomConversions.isSupportedConverter 298 :Adding converter from class java.lang.Number to class [B as writing converter.
DEBUG 14:30:06 o.s.d.c.CustomConversions.isSupportedConverter 298 :Adding converter from class [B to class java.lang.Number as reading converter.
DEBUG 14:30:06 o.s.d.c.CustomConversions.isSupportedConverter 298 :Adding converter from class java.lang.Enum to class [B as writing converter.
DEBUG 14:30:06 o.s.d.c.CustomConversions.isSupportedConverter 298 :Adding converter from class [B to class java.lang.Enum as reading converter.
DEBUG 14:30:06 o.s.d.c.CustomConversions.isSupportedConverter 298 :Adding converter from class java.lang.Boolean to class [B as writing converter.
DEBUG 14:30:06 o.s.d.c.CustomConversions.isSupportedConverter 298 :Adding converter from class [B to class java.lang.Boolean as reading converter.
DEBUG 14:30:06 o.s.d.c.CustomConversions.isSupportedConverter 298 :Adding converter from class java.util.Date to class [B as writing converter.
DEBUG 14:30:06 o.s.d.c.CustomConversions.isSupportedConverter 298 :Adding converter from class [B to class java.util.Date as reading converter.
DEBUG 14:30:06 o.s.d.c.CustomConversions.isSupportedConverter 298 :Adding converter from class java.util.UUID to class [B as writing converter.
DEBUG 14:30:06 o.s.d.c.CustomConversions.isSupportedConverter 298 :Adding converter from class [B to class java.util.UUID as reading converter.
DEBUG 14:30:06 o.s.d.c.CustomConversions.isSupportedConverter 298 :Adding converter from class java.time.LocalDateTime to class [B as writing converter.
DEBUG 14:30:06 o.s.d.c.CustomConversions.isSupportedConverter 298 :Adding converter from class [B to class java.time.LocalDateTime as reading converter.
DEBUG 14:30:06 o.s.d.c.CustomConversions.isSupportedConverter 298 :Adding converter from class java.time.LocalDate to class [B as writing converter.
DEBUG 14:30:06 o.s.d.c.CustomConversions.isSupportedConverter 298 :Adding converter from class [B to class java.time.LocalDate as reading converter.
DEBUG 14:30:06 o.s.d.c.CustomConversions.isSupportedConverter 298 :Adding converter from class java.time.LocalTime to class [B as writing converter.
DEBUG 14:30:06 o.s.d.c.CustomConversions.isSupportedConverter 298 :Adding converter from class [B to class java.time.LocalTime as reading converter.
DEBUG 14:30:06 o.s.d.c.CustomConversions.isSupportedConverter 298 :Adding converter from class java.time.ZonedDateTime to class [B as writing converter.
DEBUG 14:30:06 o.s.d.c.CustomConversions.isSupportedConverter 298 :Adding converter from class [B to class java.time.ZonedDateTime as reading converter.
DEBUG 14:30:06 o.s.d.c.CustomConversions.isSupportedConverter 298 :Adding converter from class java.time.Instant to class [B as writing converter.
DEBUG 14:30:06 o.s.d.c.CustomConversions.isSupportedConverter 298 :Adding converter from class [B to class java.time.Instant as reading converter.
DEBUG 14:30:06 o.s.d.c.CustomConversions.isSupportedConverter 298 :Adding converter from class java.time.ZoneId to class [B as writing converter.
DEBUG 14:30:06 o.s.d.c.CustomConversions.isSupportedConverter 298 :Adding converter from class [B to class java.time.ZoneId as reading converter.
DEBUG 14:30:06 o.s.d.c.CustomConversions.isSupportedConverter 298 :Adding converter from class java.time.Period to class [B as writing converter.
DEBUG 14:30:06 o.s.d.c.CustomConversions.isSupportedConverter 298 :Adding converter from class [B to class java.time.Period as reading converter.
DEBUG 14:30:06 o.s.d.c.CustomConversions.isSupportedConverter 298 :Adding converter from class java.time.Duration to class [B as writing converter.
DEBUG 14:30:06 o.s.d.c.CustomConversions.isSupportedConverter 298 :Adding converter from class [B to class java.time.Duration as reading converter.
DEBUG 14:30:06 o.s.d.c.CustomConversions.isSupportedConverter 298 :Adding converter from class java.util.Date to class java.time.LocalDateTime as reading converter.
DEBUG 14:30:06 o.s.d.c.CustomConversions.isSupportedConverter 298 :Adding converter from class java.time.LocalDateTime to class java.util.Date as writing converter.
DEBUG 14:30:06 o.s.d.c.CustomConversions.isSupportedConverter 298 :Adding converter from class java.util.Date to class java.time.LocalDate as reading converter.
DEBUG 14:30:06 o.s.d.c.CustomConversions.isSupportedConverter 298 :Adding converter from class java.time.LocalDate to class java.util.Date as writing converter.
DEBUG 14:30:06 o.s.d.c.CustomConversions.isSupportedConverter 298 :Adding converter from class java.util.Date to class java.time.LocalTime as reading converter.
DEBUG 14:30:06 o.s.d.c.CustomConversions.isSupportedConverter 298 :Adding converter from class java.time.LocalTime to class java.util.Date as writing converter.
DEBUG 14:30:06 o.s.d.c.CustomConversions.isSupportedConverter 298 :Adding converter from class java.util.Date to class java.time.Instant as reading converter.
DEBUG 14:30:06 o.s.d.c.CustomConversions.isSupportedConverter 298 :Adding converter from class java.time.Instant to class java.util.Date as writing converter.
DEBUG 14:30:06 o.s.d.c.CustomConversions.isSupportedConverter 298 :Adding converter from class java.time.LocalDateTime to class java.time.Instant as reading converter.
DEBUG 14:30:06 o.s.d.c.CustomConversions.isSupportedConverter 298 :Adding converter from class java.time.Instant to class java.time.LocalDateTime as reading converter.
DEBUG 14:30:06 o.s.d.c.CustomConversions.isSupportedConverter 298 :Adding converter from class java.time.ZoneId to class java.lang.String as writing converter.
DEBUG 14:30:06 o.s.d.c.CustomConversions.isSupportedConverter 298 :Adding converter from class java.lang.String to class java.time.ZoneId as reading converter.
DEBUG 14:30:06 o.s.d.c.CustomConversions.isSupportedConverter 298 :Adding converter from class java.time.Duration to class java.lang.String as writing converter.
DEBUG 14:30:06 o.s.d.c.CustomConversions.isSupportedConverter 298 :Adding converter from class java.lang.String to class java.time.Duration as reading converter.
DEBUG 14:30:06 o.s.d.c.CustomConversions.isSupportedConverter 298 :Adding converter from class java.time.Period to class java.lang.String as writing converter.
DEBUG 14:30:06 o.s.d.c.CustomConversions.isSupportedConverter 298 :Adding converter from class java.lang.String to class java.time.Period as reading converter.
DEBUG 14:30:06 o.s.d.c.CustomConversions.isSupportedConverter 298 :Adding converter from class java.lang.String to class java.time.LocalDate as reading converter.
DEBUG 14:30:06 o.s.d.c.CustomConversions.isSupportedConverter 298 :Adding converter from class java.lang.String to class java.time.LocalDateTime as reading converter.
DEBUG 14:30:06 o.s.d.c.CustomConversions.isSupportedConverter 298 :Adding converter from class java.lang.String to class java.time.Instant as reading converter.
DEBUG 14:30:06 o.s.d.c.CustomConversions.isSupportedConverter 298 :Adding converter from class java.lang.String to class [B as writing converter.
DEBUG 14:30:06 o.s.d.c.CustomConversions.isSupportedConverter 298 :Adding converter from class [B to class java.lang.String as reading converter.
DEBUG 14:30:06 o.s.d.c.CustomConversions.isSupportedConverter 298 :Adding converter from class java.lang.Number to class [B as writing converter.
DEBUG 14:30:06 o.s.d.c.CustomConversions.isSupportedConverter 298 :Adding converter from class [B to class java.lang.Number as reading converter.
DEBUG 14:30:06 o.s.d.c.CustomConversions.isSupportedConverter 298 :Adding converter from class java.lang.Enum to class [B as writing converter.
DEBUG 14:30:06 o.s.d.c.CustomConversions.isSupportedConverter 298 :Adding converter from class [B to class java.lang.Enum as reading converter.
DEBUG 14:30:06 o.s.d.c.CustomConversions.isSupportedConverter 298 :Adding converter from class java.lang.Boolean to class [B as writing converter.
DEBUG 14:30:06 o.s.d.c.CustomConversions.isSupportedConverter 298 :Adding converter from class [B to class java.lang.Boolean as reading converter.
DEBUG 14:30:06 o.s.d.c.CustomConversions.isSupportedConverter 298 :Adding converter from class java.util.Date to class [B as writing converter.
DEBUG 14:30:06 o.s.d.c.CustomConversions.isSupportedConverter 298 :Adding converter from class [B to class java.util.Date as reading converter.
DEBUG 14:30:06 o.s.d.c.CustomConversions.isSupportedConverter 298 :Adding converter from class java.util.UUID to class [B as writing converter.
DEBUG 14:30:06 o.s.d.c.CustomConversions.isSupportedConverter 298 :Adding converter from class [B to class java.util.UUID as reading converter.
DEBUG 14:30:06 o.s.d.c.CustomConversions.isSupportedConverter 298 :Adding converter from class java.time.LocalDateTime to class [B as writing converter.
DEBUG 14:30:06 o.s.d.c.CustomConversions.isSupportedConverter 298 :Adding converter from class [B to class java.time.LocalDateTime as reading converter.
DEBUG 14:30:06 o.s.d.c.CustomConversions.isSupportedConverter 298 :Adding converter from class java.time.LocalDate to class [B as writing converter.
DEBUG 14:30:06 o.s.d.c.CustomConversions.isSupportedConverter 298 :Adding converter from class [B to class java.time.LocalDate as reading converter.
DEBUG 14:30:06 o.s.d.c.CustomConversions.isSupportedConverter 298 :Adding converter from class java.time.LocalTime to class [B as writing converter.
DEBUG 14:30:06 o.s.d.c.CustomConversions.isSupportedConverter 298 :Adding converter from class [B to class java.time.LocalTime as reading converter.
DEBUG 14:30:06 o.s.d.c.CustomConversions.isSupportedConverter 298 :Adding converter from class java.time.ZonedDateTime to class [B as writing converter.
DEBUG 14:30:06 o.s.d.c.CustomConversions.isSupportedConverter 298 :Adding converter from class [B to class java.time.ZonedDateTime as reading converter.
DEBUG 14:30:06 o.s.d.c.CustomConversions.isSupportedConverter 298 :Adding converter from class java.time.Instant to class [B as writing converter.
DEBUG 14:30:06 o.s.d.c.CustomConversions.isSupportedConverter 298 :Adding converter from class [B to class java.time.Instant as reading converter.
DEBUG 14:30:06 o.s.d.c.CustomConversions.isSupportedConverter 298 :Adding converter from class java.time.ZoneId to class [B as writing converter.
DEBUG 14:30:06 o.s.d.c.CustomConversions.isSupportedConverter 298 :Adding converter from class [B to class java.time.ZoneId as reading converter.
DEBUG 14:30:06 o.s.d.c.CustomConversions.isSupportedConverter 298 :Adding converter from class java.time.Period to class [B as writing converter.
DEBUG 14:30:06 o.s.d.c.CustomConversions.isSupportedConverter 298 :Adding converter from class [B to class java.time.Period as reading converter.
DEBUG 14:30:06 o.s.d.c.CustomConversions.isSupportedConverter 298 :Adding converter from class java.time.Duration to class [B as writing converter.
DEBUG 14:30:06 o.s.d.c.CustomConversions.isSupportedConverter 298 :Adding converter from class [B to class java.time.Duration as reading converter.
DEBUG 14:30:06 o.s.d.c.CustomConversions.isSupportedConverter 298 :Adding converter from class java.util.Date to class java.time.LocalDateTime as reading converter.
DEBUG 14:30:06 o.s.d.c.CustomConversions.isSupportedConverter 298 :Adding converter from class java.time.LocalDateTime to class java.util.Date as writing converter.
DEBUG 14:30:06 o.s.d.c.CustomConversions.isSupportedConverter 298 :Adding converter from class java.util.Date to class java.time.LocalDate as reading converter.
DEBUG 14:30:06 o.s.d.c.CustomConversions.isSupportedConverter 298 :Adding converter from class java.time.LocalDate to class java.util.Date as writing converter.
DEBUG 14:30:06 o.s.d.c.CustomConversions.isSupportedConverter 298 :Adding converter from class java.util.Date to class java.time.LocalTime as reading converter.
DEBUG 14:30:06 o.s.d.c.CustomConversions.isSupportedConverter 298 :Adding converter from class java.time.LocalTime to class java.util.Date as writing converter.
DEBUG 14:30:06 o.s.d.c.CustomConversions.isSupportedConverter 298 :Adding converter from class java.util.Date to class java.time.Instant as reading converter.
DEBUG 14:30:06 o.s.d.c.CustomConversions.isSupportedConverter 298 :Adding converter from class java.time.Instant to class java.util.Date as writing converter.
DEBUG 14:30:06 o.s.d.c.CustomConversions.isSupportedConverter 298 :Adding converter from class java.time.LocalDateTime to class java.time.Instant as reading converter.
DEBUG 14:30:06 o.s.d.c.CustomConversions.isSupportedConverter 298 :Adding converter from class java.time.Instant to class java.time.LocalDateTime as reading converter.
DEBUG 14:30:06 o.s.d.c.CustomConversions.isSupportedConverter 298 :Adding converter from class java.time.ZoneId to class java.lang.String as writing converter.
DEBUG 14:30:06 o.s.d.c.CustomConversions.isSupportedConverter 298 :Adding converter from class java.lang.String to class java.time.ZoneId as reading converter.
DEBUG 14:30:06 o.s.d.c.CustomConversions.isSupportedConverter 298 :Adding converter from class java.time.Duration to class java.lang.String as writing converter.
DEBUG 14:30:06 o.s.d.c.CustomConversions.isSupportedConverter 298 :Adding converter from class java.lang.String to class java.time.Duration as reading converter.
DEBUG 14:30:06 o.s.d.c.CustomConversions.isSupportedConverter 298 :Adding converter from class java.time.Period to class java.lang.String as writing converter.
DEBUG 14:30:06 o.s.d.c.CustomConversions.isSupportedConverter 298 :Adding converter from class java.lang.String to class java.time.Period as reading converter.
DEBUG 14:30:06 o.s.d.c.CustomConversions.isSupportedConverter 298 :Adding converter from class java.lang.String to class java.time.LocalDate as reading converter.
DEBUG 14:30:06 o.s.d.c.CustomConversions.isSupportedConverter 298 :Adding converter from class java.lang.String to class java.time.LocalDateTime as reading converter.
DEBUG 14:30:06 o.s.d.c.CustomConversions.isSupportedConverter 298 :Adding converter from class java.lang.String to class java.time.Instant as reading converter.
DEBUG 14:30:06 o.s.d.c.CustomConversions.isSupportedConverter 298 :Adding converter from class java.lang.String to class [B as writing converter.
DEBUG 14:30:06 o.s.d.c.CustomConversions.isSupportedConverter 298 :Adding converter from class [B to class java.lang.String as reading converter.
DEBUG 14:30:06 o.s.d.c.CustomConversions.isSupportedConverter 298 :Adding converter from class java.lang.Number to class [B as writing converter.
DEBUG 14:30:06 o.s.d.c.CustomConversions.isSupportedConverter 298 :Adding converter from class [B to class java.lang.Number as reading converter.
DEBUG 14:30:06 o.s.d.c.CustomConversions.isSupportedConverter 298 :Adding converter from class java.lang.Enum to class [B as writing converter.
DEBUG 14:30:06 o.s.d.c.CustomConversions.isSupportedConverter 298 :Adding converter from class [B to class java.lang.Enum as reading converter.
DEBUG 14:30:06 o.s.d.c.CustomConversions.isSupportedConverter 298 :Adding converter from class java.lang.Boolean to class [B as writing converter.
DEBUG 14:30:06 o.s.d.c.CustomConversions.isSupportedConverter 298 :Adding converter from class [B to class java.lang.Boolean as reading converter.
DEBUG 14:30:06 o.s.d.c.CustomConversions.isSupportedConverter 298 :Adding converter from class java.util.Date to class [B as writing converter.
DEBUG 14:30:06 o.s.d.c.CustomConversions.isSupportedConverter 298 :Adding converter from class [B to class java.util.Date as reading converter.
DEBUG 14:30:06 o.s.d.c.CustomConversions.isSupportedConverter 298 :Adding converter from class java.util.UUID to class [B as writing converter.
DEBUG 14:30:06 o.s.d.c.CustomConversions.isSupportedConverter 298 :Adding converter from class [B to class java.util.UUID as reading converter.
DEBUG 14:30:06 o.s.d.c.CustomConversions.isSupportedConverter 298 :Adding converter from class java.time.LocalDateTime to class [B as writing converter.
DEBUG 14:30:06 o.s.d.c.CustomConversions.isSupportedConverter 298 :Adding converter from class [B to class java.time.LocalDateTime as reading converter.
DEBUG 14:30:06 o.s.d.c.CustomConversions.isSupportedConverter 298 :Adding converter from class java.time.LocalDate to class [B as writing converter.
DEBUG 14:30:06 o.s.d.c.CustomConversions.isSupportedConverter 298 :Adding converter from class [B to class java.time.LocalDate as reading converter.
DEBUG 14:30:06 o.s.d.c.CustomConversions.isSupportedConverter 298 :Adding converter from class java.time.LocalTime to class [B as writing converter.
DEBUG 14:30:06 o.s.d.c.CustomConversions.isSupportedConverter 298 :Adding converter from class [B to class java.time.LocalTime as reading converter.
DEBUG 14:30:06 o.s.d.c.CustomConversions.isSupportedConverter 298 :Adding converter from class java.time.ZonedDateTime to class [B as writing converter.
DEBUG 14:30:06 o.s.d.c.CustomConversions.isSupportedConverter 298 :Adding converter from class [B to class java.time.ZonedDateTime as reading converter.
DEBUG 14:30:06 o.s.d.c.CustomConversions.isSupportedConverter 298 :Adding converter from class java.time.Instant to class [B as writing converter.
DEBUG 14:30:06 o.s.d.c.CustomConversions.isSupportedConverter 298 :Adding converter from class [B to class java.time.Instant as reading converter.
DEBUG 14:30:06 o.s.d.c.CustomConversions.isSupportedConverter 298 :Adding converter from class java.time.ZoneId to class [B as writing converter.
DEBUG 14:30:06 o.s.d.c.CustomConversions.isSupportedConverter 298 :Adding converter from class [B to class java.time.ZoneId as reading converter.
DEBUG 14:30:06 o.s.d.c.CustomConversions.isSupportedConverter 298 :Adding converter from class java.time.Period to class [B as writing converter.
DEBUG 14:30:06 o.s.d.c.CustomConversions.isSupportedConverter 298 :Adding converter from class [B to class java.time.Period as reading converter.
DEBUG 14:30:06 o.s.d.c.CustomConversions.isSupportedConverter 298 :Adding converter from class java.time.Duration to class [B as writing converter.
DEBUG 14:30:06 o.s.d.c.CustomConversions.isSupportedConverter 298 :Adding converter from class [B to class java.time.Duration as reading converter.
DEBUG 14:30:06 o.s.d.c.CustomConversions.isSupportedConverter 298 :Adding converter from class java.util.Date to class java.time.LocalDateTime as reading converter.
DEBUG 14:30:06 o.s.d.c.CustomConversions.isSupportedConverter 298 :Adding converter from class java.time.LocalDateTime to class java.util.Date as writing converter.
DEBUG 14:30:06 o.s.d.c.CustomConversions.isSupportedConverter 298 :Adding converter from class java.util.Date to class java.time.LocalDate as reading converter.
DEBUG 14:30:06 o.s.d.c.CustomConversions.isSupportedConverter 298 :Adding converter from class java.time.LocalDate to class java.util.Date as writing converter.
DEBUG 14:30:06 o.s.d.c.CustomConversions.isSupportedConverter 298 :Adding converter from class java.util.Date to class java.time.LocalTime as reading converter.
DEBUG 14:30:06 o.s.d.c.CustomConversions.isSupportedConverter 298 :Adding converter from class java.time.LocalTime to class java.util.Date as writing converter.
DEBUG 14:30:06 o.s.d.c.CustomConversions.isSupportedConverter 298 :Adding converter from class java.util.Date to class java.time.Instant as reading converter.
DEBUG 14:30:06 o.s.d.c.CustomConversions.isSupportedConverter 298 :Adding converter from class java.time.Instant to class java.util.Date as writing converter.
DEBUG 14:30:06 o.s.d.c.CustomConversions.isSupportedConverter 298 :Adding converter from class java.time.LocalDateTime to class java.time.Instant as reading converter.
DEBUG 14:30:06 o.s.d.c.CustomConversions.isSupportedConverter 298 :Adding converter from class java.time.Instant to class java.time.LocalDateTime as reading converter.
DEBUG 14:30:06 o.s.d.c.CustomConversions.isSupportedConverter 298 :Adding converter from class java.time.ZoneId to class java.lang.String as writing converter.
DEBUG 14:30:06 o.s.d.c.CustomConversions.isSupportedConverter 298 :Adding converter from class java.lang.String to class java.time.ZoneId as reading converter.
DEBUG 14:30:06 o.s.d.c.CustomConversions.isSupportedConverter 298 :Adding converter from class java.time.Duration to class java.lang.String as writing converter.
DEBUG 14:30:06 o.s.d.c.CustomConversions.isSupportedConverter 298 :Adding converter from class java.lang.String to class java.time.Duration as reading converter.
DEBUG 14:30:06 o.s.d.c.CustomConversions.isSupportedConverter 298 :Adding converter from class java.time.Period to class java.lang.String as writing converter.
DEBUG 14:30:06 o.s.d.c.CustomConversions.isSupportedConverter 298 :Adding converter from class java.lang.String to class java.time.Period as reading converter.
DEBUG 14:30:06 o.s.d.c.CustomConversions.isSupportedConverter 298 :Adding converter from class java.lang.String to class java.time.LocalDate as reading converter.
DEBUG 14:30:06 o.s.d.c.CustomConversions.isSupportedConverter 298 :Adding converter from class java.lang.String to class java.time.LocalDateTime as reading converter.
DEBUG 14:30:06 o.s.d.c.CustomConversions.isSupportedConverter 298 :Adding converter from class java.lang.String to class java.time.Instant as reading converter.
DEBUG 14:30:06 o.s.d.c.CustomConversions.isSupportedConverter 298 :Adding converter from class java.lang.String to class [B as writing converter.
DEBUG 14:30:06 o.s.d.c.CustomConversions.isSupportedConverter 298 :Adding converter from class [B to class java.lang.String as reading converter.
DEBUG 14:30:06 o.s.d.c.CustomConversions.isSupportedConverter 298 :Adding converter from class java.lang.Number to class [B as writing converter.
DEBUG 14:30:06 o.s.d.c.CustomConversions.isSupportedConverter 298 :Adding converter from class [B to class java.lang.Number as reading converter.
DEBUG 14:30:06 o.s.d.c.CustomConversions.isSupportedConverter 298 :Adding converter from class java.lang.Enum to class [B as writing converter.
DEBUG 14:30:06 o.s.d.c.CustomConversions.isSupportedConverter 298 :Adding converter from class [B to class java.lang.Enum as reading converter.
DEBUG 14:30:06 o.s.d.c.CustomConversions.isSupportedConverter 298 :Adding converter from class java.lang.Boolean to class [B as writing converter.
DEBUG 14:30:06 o.s.d.c.CustomConversions.isSupportedConverter 298 :Adding converter from class [B to class java.lang.Boolean as reading converter.
DEBUG 14:30:06 o.s.d.c.CustomConversions.isSupportedConverter 298 :Adding converter from class java.util.Date to class [B as writing converter.
DEBUG 14:30:06 o.s.d.c.CustomConversions.isSupportedConverter 298 :Adding converter from class [B to class java.util.Date as reading converter.
DEBUG 14:30:06 o.s.d.c.CustomConversions.isSupportedConverter 298 :Adding converter from class java.util.UUID to class [B as writing converter.
DEBUG 14:30:06 o.s.d.c.CustomConversions.isSupportedConverter 298 :Adding converter from class [B to class java.util.UUID as reading converter.
DEBUG 14:30:06 o.s.d.c.CustomConversions.isSupportedConverter 298 :Adding converter from class java.time.LocalDateTime to class [B as writing converter.
DEBUG 14:30:06 o.s.d.c.CustomConversions.isSupportedConverter 298 :Adding converter from class [B to class java.time.LocalDateTime as reading converter.
DEBUG 14:30:06 o.s.d.c.CustomConversions.isSupportedConverter 298 :Adding converter from class java.time.LocalDate to class [B as writing converter.
DEBUG 14:30:06 o.s.d.c.CustomConversions.isSupportedConverter 298 :Adding converter from class [B to class java.time.LocalDate as reading converter.
DEBUG 14:30:06 o.s.d.c.CustomConversions.isSupportedConverter 298 :Adding converter from class java.time.LocalTime to class [B as writing converter.
DEBUG 14:30:06 o.s.d.c.CustomConversions.isSupportedConverter 298 :Adding converter from class [B to class java.time.LocalTime as reading converter.
DEBUG 14:30:06 o.s.d.c.CustomConversions.isSupportedConverter 298 :Adding converter from class java.time.ZonedDateTime to class [B as writing converter.
DEBUG 14:30:06 o.s.d.c.CustomConversions.isSupportedConverter 298 :Adding converter from class [B to class java.time.ZonedDateTime as reading converter.
DEBUG 14:30:06 o.s.d.c.CustomConversions.isSupportedConverter 298 :Adding converter from class java.time.Instant to class [B as writing converter.
DEBUG 14:30:06 o.s.d.c.CustomConversions.isSupportedConverter 298 :Adding converter from class [B to class java.time.Instant as reading converter.
DEBUG 14:30:06 o.s.d.c.CustomConversions.isSupportedConverter 298 :Adding converter from class java.time.ZoneId to class [B as writing converter.
DEBUG 14:30:06 o.s.d.c.CustomConversions.isSupportedConverter 298 :Adding converter from class [B to class java.time.ZoneId as reading converter.
DEBUG 14:30:06 o.s.d.c.CustomConversions.isSupportedConverter 298 :Adding converter from class java.time.Period to class [B as writing converter.
DEBUG 14:30:06 o.s.d.c.CustomConversions.isSupportedConverter 298 :Adding converter from class [B to class java.time.Period as reading converter.
DEBUG 14:30:06 o.s.d.c.CustomConversions.isSupportedConverter 298 :Adding converter from class java.time.Duration to class [B as writing converter.
DEBUG 14:30:06 o.s.d.c.CustomConversions.isSupportedConverter 298 :Adding converter from class [B to class java.time.Duration as reading converter.
DEBUG 14:30:06 o.s.d.c.CustomConversions.isSupportedConverter 298 :Adding converter from class java.util.Date to class java.time.LocalDateTime as reading converter.
DEBUG 14:30:06 o.s.d.c.CustomConversions.isSupportedConverter 298 :Adding converter from class java.time.LocalDateTime to class java.util.Date as writing converter.
DEBUG 14:30:06 o.s.d.c.CustomConversions.isSupportedConverter 298 :Adding converter from class java.util.Date to class java.time.LocalDate as reading converter.
DEBUG 14:30:06 o.s.d.c.CustomConversions.isSupportedConverter 298 :Adding converter from class java.time.LocalDate to class java.util.Date as writing converter.
DEBUG 14:30:06 o.s.d.c.CustomConversions.isSupportedConverter 298 :Adding converter from class java.util.Date to class java.time.LocalTime as reading converter.
DEBUG 14:30:06 o.s.d.c.CustomConversions.isSupportedConverter 298 :Adding converter from class java.time.LocalTime to class java.util.Date as writing converter.
DEBUG 14:30:06 o.s.d.c.CustomConversions.isSupportedConverter 298 :Adding converter from class java.util.Date to class java.time.Instant as reading converter.
DEBUG 14:30:06 o.s.d.c.CustomConversions.isSupportedConverter 298 :Adding converter from class java.time.Instant to class java.util.Date as writing converter.
DEBUG 14:30:06 o.s.d.c.CustomConversions.isSupportedConverter 298 :Adding converter from class java.time.LocalDateTime to class java.time.Instant as reading converter.
DEBUG 14:30:06 o.s.d.c.CustomConversions.isSupportedConverter 298 :Adding converter from class java.time.Instant to class java.time.LocalDateTime as reading converter.
DEBUG 14:30:06 o.s.d.c.CustomConversions.isSupportedConverter 298 :Adding converter from class java.time.ZoneId to class java.lang.String as writing converter.
DEBUG 14:30:06 o.s.d.c.CustomConversions.isSupportedConverter 298 :Adding converter from class java.lang.String to class java.time.ZoneId as reading converter.
DEBUG 14:30:06 o.s.d.c.CustomConversions.isSupportedConverter 298 :Adding converter from class java.time.Duration to class java.lang.String as writing converter.
DEBUG 14:30:06 o.s.d.c.CustomConversions.isSupportedConverter 298 :Adding converter from class java.lang.String to class java.time.Duration as reading converter.
DEBUG 14:30:06 o.s.d.c.CustomConversions.isSupportedConverter 298 :Adding converter from class java.time.Period to class java.lang.String as writing converter.
DEBUG 14:30:06 o.s.d.c.CustomConversions.isSupportedConverter 298 :Adding converter from class java.lang.String to class java.time.Period as reading converter.
DEBUG 14:30:06 o.s.d.c.CustomConversions.isSupportedConverter 298 :Adding converter from class java.lang.String to class java.time.LocalDate as reading converter.
DEBUG 14:30:06 o.s.d.c.CustomConversions.isSupportedConverter 298 :Adding converter from class java.lang.String to class java.time.LocalDateTime as reading converter.
DEBUG 14:30:06 o.s.d.c.CustomConversions.isSupportedConverter 298 :Adding converter from class java.lang.String to class java.time.Instant as reading converter.
DEBUG 14:30:06 o.s.d.c.CustomConversions.isSupportedConverter 298 :Adding converter from class java.lang.String to class [B as writing converter.
DEBUG 14:30:06 o.s.d.c.CustomConversions.isSupportedConverter 298 :Adding converter from class [B to class java.lang.String as reading converter.
DEBUG 14:30:06 o.s.d.c.CustomConversions.isSupportedConverter 298 :Adding converter from class java.lang.Number to class [B as writing converter.
DEBUG 14:30:06 o.s.d.c.CustomConversions.isSupportedConverter 298 :Adding converter from class [B to class java.lang.Number as reading converter.
DEBUG 14:30:06 o.s.d.c.CustomConversions.isSupportedConverter 298 :Adding converter from class java.lang.Enum to class [B as writing converter.
DEBUG 14:30:06 o.s.d.c.CustomConversions.isSupportedConverter 298 :Adding converter from class [B to class java.lang.Enum as reading converter.
DEBUG 14:30:06 o.s.d.c.CustomConversions.isSupportedConverter 298 :Adding converter from class java.lang.Boolean to class [B as writing converter.
DEBUG 14:30:06 o.s.d.c.CustomConversions.isSupportedConverter 298 :Adding converter from class [B to class java.lang.Boolean as reading converter.
DEBUG 14:30:06 o.s.d.c.CustomConversions.isSupportedConverter 298 :Adding converter from class java.util.Date to class [B as writing converter.
DEBUG 14:30:06 o.s.d.c.CustomConversions.isSupportedConverter 298 :Adding converter from class [B to class java.util.Date as reading converter.
DEBUG 14:30:06 o.s.d.c.CustomConversions.isSupportedConverter 298 :Adding converter from class java.util.UUID to class [B as writing converter.
DEBUG 14:30:06 o.s.d.c.CustomConversions.isSupportedConverter 298 :Adding converter from class [B to class java.util.UUID as reading converter.
DEBUG 14:30:06 o.s.d.c.CustomConversions.isSupportedConverter 298 :Adding converter from class java.time.LocalDateTime to class [B as writing converter.
DEBUG 14:30:06 o.s.d.c.CustomConversions.isSupportedConverter 298 :Adding converter from class [B to class java.time.LocalDateTime as reading converter.
DEBUG 14:30:06 o.s.d.c.CustomConversions.isSupportedConverter 298 :Adding converter from class java.time.LocalDate to class [B as writing converter.
DEBUG 14:30:06 o.s.d.c.CustomConversions.isSupportedConverter 298 :Adding converter from class [B to class java.time.LocalDate as reading converter.
DEBUG 14:30:06 o.s.d.c.CustomConversions.isSupportedConverter 298 :Adding converter from class java.time.LocalTime to class [B as writing converter.
DEBUG 14:30:06 o.s.d.c.CustomConversions.isSupportedConverter 298 :Adding converter from class [B to class java.time.LocalTime as reading converter.
DEBUG 14:30:06 o.s.d.c.CustomConversions.isSupportedConverter 298 :Adding converter from class java.time.ZonedDateTime to class [B as writing converter.
DEBUG 14:30:06 o.s.d.c.CustomConversions.isSupportedConverter 298 :Adding converter from class [B to class java.time.ZonedDateTime as reading converter.
DEBUG 14:30:06 o.s.d.c.CustomConversions.isSupportedConverter 298 :Adding converter from class java.time.Instant to class [B as writing converter.
DEBUG 14:30:06 o.s.d.c.CustomConversions.isSupportedConverter 298 :Adding converter from class [B to class java.time.Instant as reading converter.
DEBUG 14:30:06 o.s.d.c.CustomConversions.isSupportedConverter 298 :Adding converter from class java.time.ZoneId to class [B as writing converter.
DEBUG 14:30:06 o.s.d.c.CustomConversions.isSupportedConverter 298 :Adding converter from class [B to class java.time.ZoneId as reading converter.
DEBUG 14:30:06 o.s.d.c.CustomConversions.isSupportedConverter 298 :Adding converter from class java.time.Period to class [B as writing converter.
DEBUG 14:30:06 o.s.d.c.CustomConversions.isSupportedConverter 298 :Adding converter from class [B to class java.time.Period as reading converter.
DEBUG 14:30:06 o.s.d.c.CustomConversions.isSupportedConverter 298 :Adding converter from class java.time.Duration to class [B as writing converter.
DEBUG 14:30:06 o.s.d.c.CustomConversions.isSupportedConverter 298 :Adding converter from class [B to class java.time.Duration as reading converter.
DEBUG 14:30:06 o.s.d.c.CustomConversions.isSupportedConverter 298 :Adding converter from class java.util.Date to class java.time.LocalDateTime as reading converter.
DEBUG 14:30:06 o.s.d.c.CustomConversions.isSupportedConverter 298 :Adding converter from class java.time.LocalDateTime to class java.util.Date as writing converter.
DEBUG 14:30:06 o.s.d.c.CustomConversions.isSupportedConverter 298 :Adding converter from class java.util.Date to class java.time.LocalDate as reading converter.
DEBUG 14:30:06 o.s.d.c.CustomConversions.isSupportedConverter 298 :Adding converter from class java.time.LocalDate to class java.util.Date as writing converter.
DEBUG 14:30:06 o.s.d.c.CustomConversions.isSupportedConverter 298 :Adding converter from class java.util.Date to class java.time.LocalTime as reading converter.
DEBUG 14:30:06 o.s.d.c.CustomConversions.isSupportedConverter 298 :Adding converter from class java.time.LocalTime to class java.util.Date as writing converter.
DEBUG 14:30:06 o.s.d.c.CustomConversions.isSupportedConverter 298 :Adding converter from class java.util.Date to class java.time.Instant as reading converter.
DEBUG 14:30:06 o.s.d.c.CustomConversions.isSupportedConverter 298 :Adding converter from class java.time.Instant to class java.util.Date as writing converter.
DEBUG 14:30:06 o.s.d.c.CustomConversions.isSupportedConverter 298 :Adding converter from class java.time.LocalDateTime to class java.time.Instant as reading converter.
DEBUG 14:30:06 o.s.d.c.CustomConversions.isSupportedConverter 298 :Adding converter from class java.time.Instant to class java.time.LocalDateTime as reading converter.
DEBUG 14:30:06 o.s.d.c.CustomConversions.isSupportedConverter 298 :Adding converter from class java.time.ZoneId to class java.lang.String as writing converter.
DEBUG 14:30:06 o.s.d.c.CustomConversions.isSupportedConverter 298 :Adding converter from class java.lang.String to class java.time.ZoneId as reading converter.
DEBUG 14:30:06 o.s.d.c.CustomConversions.isSupportedConverter 298 :Adding converter from class java.time.Duration to class java.lang.String as writing converter.
DEBUG 14:30:06 o.s.d.c.CustomConversions.isSupportedConverter 298 :Adding converter from class java.lang.String to class java.time.Duration as reading converter.
DEBUG 14:30:06 o.s.d.c.CustomConversions.isSupportedConverter 298 :Adding converter from class java.time.Period to class java.lang.String as writing converter.
DEBUG 14:30:06 o.s.d.c.CustomConversions.isSupportedConverter 298 :Adding converter from class java.lang.String to class java.time.Period as reading converter.
DEBUG 14:30:06 o.s.d.c.CustomConversions.isSupportedConverter 298 :Adding converter from class java.lang.String to class java.time.LocalDate as reading converter.
DEBUG 14:30:06 o.s.d.c.CustomConversions.isSupportedConverter 298 :Adding converter from class java.lang.String to class java.time.LocalDateTime as reading converter.
DEBUG 14:30:06 o.s.d.c.CustomConversions.isSupportedConverter 298 :Adding converter from class java.lang.String to class java.time.Instant as reading converter.
INFO 14:30:07 o.m.driver.cluster.info 71 :Cluster created with settings {hosts=[117.78.43.23:27017], mode=SINGLE, requiredClusterType=UNKNOWN, serverSelectionTimeout='30000 ms'}
INFO 14:30:07 o.m.d.connection.info 71 :Opened connection [connectionId{localValue:1, serverValue:15320}] to 117.78.43.23:27017
INFO 14:30:07 o.m.driver.cluster.info 71 :Monitor thread successfully connected to server with description ServerDescription{address=117.78.43.23:27017, type=STANDALONE, state=CONNECTED, ok=true, minWireVersion=0, maxWireVersion=7, maxDocumentSize=16777216, logicalSessionTimeoutMinutes=30, roundTripTimeNanos=37978500}
DEBUG 14:30:07 o.s.d.c.CustomConversions.isSupportedConverter 298 :Adding converter from class java.util.Locale to class java.lang.String as writing converter.
DEBUG 14:30:07 o.s.d.c.CustomConversions.isSupportedConverter 298 :Adding converter from class java.lang.Character to class java.lang.String as writing converter.
DEBUG 14:30:07 o.s.d.c.CustomConversions.isSupportedConverter 298 :Adding converter from class java.math.BigDecimal to class java.lang.String as writing converter.
DEBUG 14:30:07 o.s.d.c.CustomConversions.isSupportedConverter 298 :Adding converter from class java.math.BigDecimal to class org.bson.types.Decimal128 as writing converter.
DEBUG 14:30:07 o.s.d.c.CustomConversions.isSupportedConverter 298 :Adding converter from class java.lang.String to class java.math.BigDecimal as reading converter.
DEBUG 14:30:07 o.s.d.c.CustomConversions.isSupportedConverter 298 :Adding converter from class org.bson.types.Decimal128 to class java.math.BigDecimal as reading converter.
DEBUG 14:30:07 o.s.d.c.CustomConversions.isSupportedConverter 298 :Adding converter from class java.math.BigInteger to class java.lang.String as writing converter.
DEBUG 14:30:07 o.s.d.c.CustomConversions.isSupportedConverter 298 :Adding converter from class java.lang.String to class java.math.BigInteger as reading converter.
DEBUG 14:30:07 o.s.d.c.CustomConversions.isSupportedConverter 298 :Adding converter from class java.net.URL to class java.lang.String as writing converter.
DEBUG 14:30:07 o.s.d.c.CustomConversions.isSupportedConverter 298 :Adding converter from class java.lang.String to class java.net.URL as reading converter.
DEBUG 14:30:07 o.s.d.c.CustomConversions.isSupportedConverter 298 :Adding converter from class org.bson.Document to class java.lang.String as reading converter.
DEBUG 14:30:07 o.s.d.c.CustomConversions.isSupportedConverter 298 :Adding converter from class org.springframework.data.mongodb.core.query.Term to class java.lang.String as writing converter.
DEBUG 14:30:07 o.s.d.c.CustomConversions.isSupportedConverter 298 :Adding converter from class org.springframework.data.mongodb.core.script.NamedMongoScript to class org.bson.Document as writing converter.
DEBUG 14:30:07 o.s.d.c.CustomConversions.isSupportedConverter 298 :Adding converter from class org.bson.Document to class org.springframework.data.mongodb.core.script.NamedMongoScript as reading converter.
DEBUG 14:30:07 o.s.d.c.CustomConversions.isSupportedConverter 298 :Adding converter from class java.util.Currency to class java.lang.String as writing converter.
DEBUG 14:30:07 o.s.d.c.CustomConversions.isSupportedConverter 298 :Adding converter from class java.lang.String to class java.util.Currency as reading converter.
DEBUG 14:30:07 o.s.d.c.CustomConversions.isSupportedConverter 298 :Adding converter from class java.util.concurrent.atomic.AtomicInteger to class java.lang.Integer as writing converter.
DEBUG 14:30:07 o.s.d.c.CustomConversions.isSupportedConverter 298 :Adding converter from class java.util.concurrent.atomic.AtomicLong to class java.lang.Long as writing converter.
DEBUG 14:30:07 o.s.d.c.CustomConversions.isSupportedConverter 298 :Adding converter from class java.lang.Long to class java.util.concurrent.atomic.AtomicLong as reading converter.
DEBUG 14:30:07 o.s.d.c.CustomConversions.isSupportedConverter 298 :Adding converter from class java.lang.Integer to class java.util.concurrent.atomic.AtomicInteger as reading converter.
DEBUG 14:30:07 o.s.d.c.CustomConversions.isSupportedConverter 298 :Adding converter from class org.bson.types.Binary to class [B as reading converter.
DEBUG 14:30:07 o.s.d.c.CustomConversions.isSupportedConverter 298 :Adding converter from class org.bson.BsonTimestamp to class java.time.Instant as reading converter.
DEBUG 14:30:07 o.s.d.c.CustomConversions.isSupportedConverter 298 :Adding converter from class java.lang.String to class java.net.URI as reading converter.
DEBUG 14:30:07 o.s.d.c.CustomConversions.isSupportedConverter 298 :Adding converter from class java.net.URI to class java.lang.String as writing converter.
DEBUG 14:30:07 o.s.d.c.CustomConversions.isSupportedConverter 298 :Adding converter from class org.springframework.data.geo.Box to class org.bson.Document as writing converter.
DEBUG 14:30:07 o.s.d.c.CustomConversions.isSupportedConverter 298 :Adding converter from class org.springframework.data.geo.Polygon to class org.bson.Document as writing converter.
DEBUG 14:30:07 o.s.d.c.CustomConversions.isSupportedConverter 298 :Adding converter from class org.springframework.data.geo.Circle to class org.bson.Document as writing converter.
DEBUG 14:30:07 o.s.d.c.CustomConversions.isSupportedConverter 298 :Adding converter from class org.springframework.data.mongodb.core.geo.Sphere to class org.bson.Document as writing converter.
DEBUG 14:30:07 o.s.d.c.CustomConversions.isSupportedConverter 298 :Adding converter from class org.bson.Document to class org.springframework.data.geo.Box as reading converter.
DEBUG 14:30:07 o.s.d.c.CustomConversions.isSupportedConverter 298 :Adding converter from class org.bson.Document to class org.springframework.data.geo.Polygon as reading converter.
DEBUG 14:30:07 o.s.d.c.CustomConversions.isSupportedConverter 298 :Adding converter from class org.bson.Document to class org.springframework.data.geo.Circle as reading converter.
DEBUG 14:30:07 o.s.d.c.CustomConversions.isSupportedConverter 298 :Adding converter from class org.bson.Document to class org.springframework.data.mongodb.core.geo.Sphere as reading converter.
DEBUG 14:30:07 o.s.d.c.CustomConversions.isSupportedConverter 298 :Adding converter from class org.bson.Document to class org.springframework.data.geo.Point as reading converter.
DEBUG 14:30:07 o.s.d.c.CustomConversions.isSupportedConverter 298 :Adding converter from class org.springframework.data.geo.Point to class org.bson.Document as writing converter.
DEBUG 14:30:07 o.s.d.c.CustomConversions.isSupportedConverter 298 :Adding converter from class org.springframework.data.mongodb.core.query.GeoCommand to class org.bson.Document as writing converter.
DEBUG 14:30:07 o.s.d.c.CustomConversions.isSupportedConverter 298 :Adding converter from interface org.springframework.data.mongodb.core.geo.GeoJson to class org.bson.Document as writing converter.
DEBUG 14:30:07 o.s.d.c.CustomConversions.isSupportedConverter 298 :Adding converter from class org.springframework.data.mongodb.core.geo.GeoJsonPoint to class org.bson.Document as writing converter.
DEBUG 14:30:07 o.s.d.c.CustomConversions.isSupportedConverter 298 :Adding converter from class org.springframework.data.mongodb.core.geo.GeoJsonPolygon to class org.bson.Document as writing converter.
DEBUG 14:30:07 o.s.d.c.CustomConversions.isSupportedConverter 298 :Adding converter from class org.bson.Document to class org.springframework.data.mongodb.core.geo.GeoJsonPoint as reading converter.
[...]
DEBUG 14:30:08 o.s.d.c.CustomConversions.isSupportedConverter 298 :Adding converter from class java.lang.Number to class [B as writing converter.
DEBUG 14:30:08 o.s.d.c.CustomConversions.isSupportedConverter 298 :Adding converter from class [B to class java.lang.Number as reading converter.
DEBUG 14:30:08 o.s.d.c.CustomConversions.isSupportedConverter 298 :Adding converter from class java.lang.Enum to class [B as writing converter.
DEBUG 14:30:08 o.s.d.c.CustomConversions.isSupportedConverter 298 :Adding converter from class [B to class java.lang.Enum as reading converter.
DEBUG 14:30:08 o.s.d.c.CustomConversions.isSupportedConverter 298 :Adding converter from class java.lang.Boolean to class [B as writing converter.
DEBUG 14:30:08 o.s.d.c.CustomConversions.isSupportedConverter 298 :Adding converter from class [B to class java.lang.Boolean as reading converter.
DEBUG 14:30:08 o.s.d.c.CustomConversions.isSupportedConverter 298 :Adding converter from class java.util.Date to class [B as writing converter.
DEBUG 14:30:08 o.s.d.c.CustomConversions.isSupportedConverter 298 :Adding converter from class [B to class java.util.Date as reading converter.
DEBUG 14:30:08 o.s.d.c.CustomConversions.isSupportedConverter 298 :Adding converter from class java.util.UUID to class [B as writing converter.
DEBUG 14:30:08 o.s.d.c.CustomConversions.isSupportedConverter 298 :Adding converter from class [B to class java.util.UUID as reading converter.
DEBUG 14:30:08 o.s.d.c.CustomConversions.isSupportedConverter 298 :Adding converter from class java.time.LocalDateTime to class [B as writing converter.
DEBUG 14:30:08 o.s.d.c.CustomConversions.isSupportedConverter 298 :Adding converter from class [B to class java.time.LocalDateTime as reading converter.
DEBUG 14:30:08 o.s.d.c.CustomConversions.isSupportedConverter 298 :Adding converter from class java.time.LocalDate to class [B as writing converter.
DEBUG 14:30:08 o.s.d.c.CustomConversions.isSupportedConverter 298 :Adding converter from class [B to class java.time.LocalDate as reading converter.
DEBUG 14:30:08 o.s.d.c.CustomConversions.isSupportedConverter 298 :Adding converter from class java.time.LocalTime to class [B as writing converter.
DEBUG 14:30:08 o.s.d.c.CustomConversions.isSupportedConverter 298 :Adding converter from class [B to class java.time.LocalTime as reading converter.
DEBUG 14:30:08 o.s.d.c.CustomConversions.isSupportedConverter 298 :Adding converter from class java.time.ZonedDateTime to class [B as writing converter.
DEBUG 14:30:08 o.s.d.c.CustomConversions.isSupportedConverter 298 :Adding converter from class [B to class java.time.ZonedDateTime as reading converter.
DEBUG 14:30:08 o.s.d.c.CustomConversions.isSupportedConverter 298 :Adding converter from class java.time.Instant to class [B as writing converter.
DEBUG 14:30:08 o.s.d.c.CustomConversions.isSupportedConverter 298 :Adding converter from class [B to class java.time.Instant as reading converter.
DEBUG 14:30:08 o.s.d.c.CustomConversions.isSupportedConverter 298 :Adding converter from class java.time.ZoneId to class [B as writing converter.
DEBUG 14:30:08 o.s.d.c.CustomConversions.isSupportedConverter 298 :Adding converter from class [B to class java.time.ZoneId as reading converter.
DEBUG 14:30:08 o.s.d.c.CustomConversions.isSupportedConverter 298 :Adding converter from class java.time.Period to class [B as writing converter.
DEBUG 14:30:08 o.s.d.c.CustomConversions.isSupportedConverter 298 :Adding converter from class [B to class java.time.Period as reading converter.
DEBUG 14:30:08 o.s.d.c.CustomConversions.isSupportedConverter 298 :Adding converter from class java.time.Duration to class [B as writing converter.
DEBUG 14:30:08 o.s.d.c.CustomConversions.isSupportedConverter 298 :Adding converter from class [B to class java.time.Duration as reading converter.
DEBUG 14:30:08 o.s.d.c.CustomConversions.isSupportedConverter 298 :Adding converter from class java.util.Date to class java.time.LocalDateTime as reading converter.
DEBUG 14:30:08 o.s.d.c.CustomConversions.isSupportedConverter 298 :Adding converter from class java.time.LocalDateTime to class java.util.Date as writing converter.
DEBUG 14:30:08 o.s.d.c.CustomConversions.isSupportedConverter 298 :Adding converter from class java.util.Date to class java.time.LocalDate as reading converter.
DEBUG 14:30:08 o.s.d.c.CustomConversions.isSupportedConverter 298 :Adding converter from class java.time.LocalDate to class java.util.Date as writing converter.
DEBUG 14:30:08 o.s.d.c.CustomConversions.isSupportedConverter 298 :Adding converter from class java.util.Date to class java.time.LocalTime as reading converter.
DEBUG 14:30:08 o.s.d.c.CustomConversions.isSupportedConverter 298 :Adding converter from class java.time.LocalTime to class java.util.Date as writing converter.
DEBUG 14:30:08 o.s.d.c.CustomConversions.isSupportedConverter 298 :Adding converter from class java.util.Date to class java.time.Instant as reading converter.
DEBUG 14:30:08 o.s.d.c.CustomConversions.isSupportedConverter 298 :Adding converter from class java.time.Instant to class java.util.Date as writing converter.
DEBUG 14:30:08 o.s.d.c.CustomConversions.isSupportedConverter 298 :Adding converter from class java.time.LocalDateTime to class java.time.Instant as reading converter.
DEBUG 14:30:08 o.s.d.c.CustomConversions.isSupportedConverter 298 :Adding converter from class java.time.Instant to class java.time.LocalDateTime as reading converter.
DEBUG 14:30:08 o.s.d.c.CustomConversions.isSupportedConverter 298 :Adding converter from class java.time.ZoneId to class java.lang.String as writing converter.
DEBUG 14:30:08 o.s.d.c.CustomConversions.isSupportedConverter 298 :Adding converter from class java.lang.String to class java.time.ZoneId as reading converter.
DEBUG 14:30:08 o.s.d.c.CustomConversions.isSupportedConverter 298 :Adding converter from class java.time.Duration to class java.lang.String as writing converter.
DEBUG 14:30:08 o.s.d.c.CustomConversions.isSupportedConverter 298 :Adding converter from class java.lang.String to class java.time.Duration as reading converter.
DEBUG 14:30:08 o.s.d.c.CustomConversions.isSupportedConverter 298 :Adding converter from class java.time.Period to class java.lang.String as writing converter.
DEBUG 14:30:08 o.s.d.c.CustomConversions.isSupportedConverter 298 :Adding converter from class java.lang.String to class java.time.Period as reading converter.
DEBUG 14:30:08 o.s.d.c.CustomConversions.isSupportedConverter 298 :Adding converter from class java.lang.String to class java.time.LocalDate as reading converter.
DEBUG 14:30:08 o.s.d.c.CustomConversions.isSupportedConverter 298 :Adding converter from class java.lang.String to class java.time.LocalDateTime as reading converter.
DEBUG 14:30:08 o.s.d.c.CustomConversions.isSupportedConverter 298 :Adding converter from class java.lang.String to class java.time.Instant as reading converter.
DEBUG 14:30:08 o.s.d.r.l.RedisMessageListenerContainer.lazyListen 481 :Postpone listening for Redis messages until actual listeners are added
DEBUG 14:30:08 o.s.d.r.l.RedisMessageListenerContainer.start 217 :Started RedisMessageListenerContainer
INFO 14:30:08 o.s.b.a.e.w.EndpointLinksResolver.<init> 58 :Exposing 2 endpoint(s) beneath base path '/actuator'
INFO 14:30:08 o.s.d.r.c.DeferredRepositoryInitializationListener.onApplicationEvent 49 :Triggering deferred initialization of Spring Data repositories…
DEBUG 14:30:08 o.s.d.j.r.c.JpaMetamodelMappingContextFactoryBean.createInstance 77 :Initializing JpaMetamodelMappingContext…
DEBUG 14:30:08 o.s.d.j.r.c.JpaMetamodelMappingContextFactoryBean.createInstance 84 :Finished initializing JpaMetamodelMappingContext!
DEBUG 14:30:08 o.s.d.r.c.s.RepositoryFactorySupport.getRepository 298 :Initializing repository instance for com.siliver.ch1.dao.UserRepository…
DEBUG 14:30:09 o.s.d.j.r.q.JpaQueryFactory.fromQueryAnnotation 55 :Looking up query for method queryUserIds
DEBUG 14:30:09 o.s.d.j.r.q.JpaQueryFactory.fromQueryAnnotation 55 :Looking up query for method queryUserCount
DEBUG 14:30:09 o.s.d.j.r.q.JpaQueryFactory.fromQueryAnnotation 55 :Looking up query for method queryUsers
DEBUG 14:30:09 o.s.d.j.r.q.JpaQueryFactory.fromQueryAnnotation 55 :Looking up query for method nativeQuery2
DEBUG 14:30:09 o.s.d.j.r.q.JpaQueryFactory.fromQueryAnnotation 55 :Looking up query for method findByName
DEBUG 14:30:09 o.s.d.j.r.q.NamedQuery.lookupFrom 139 :Looking up named query User.findByName
DEBUG 14:30:09 o.s.d.j.r.q.NamedQuery.hasNamedQuery 120 :Did not find named query User.findByName
DEBUG 14:30:09 o.s.d.j.r.q.JpaQueryFactory.fromQueryAnnotation 55 :Looking up query for method findUserByDepartment
DEBUG 14:30:09 o.s.d.j.r.q.JpaQueryFactory.fromQueryAnnotation 55 :Looking up query for method nativeQuery
DEBUG 14:30:09 o.s.d.r.c.s.RepositoryFactorySupport.getRepository 341 :Finished creation of repository instance for com.siliver.ch1.dao.UserRepository.
INFO 14:30:09 o.s.d.r.c.DeferredRepositoryInitializationListener.onApplicationEvent 53 :Spring Data repositories initialized!
INFO 14:30:09 c.s.c.t.d.UserDbTest.logStarted 61 :Started UserDbTest in 8.512 seconds (JVM running for 13.245)
INFO 14:30:09 o.s.t.c.t.TransactionContext.startTransaction 107 :Began transaction (1) for test context [DefaultTestContext@ae5eeee testClass = UserDbTest, testInstance = com.siliver.ch1.test.db.UserDbTest@54da9644, testMethod = updateNameTest@UserDbTest, testException = [null], mergedContextConfiguration = [WebMergedContextConfiguration@5796ae15 testClass = UserDbTest, locations = '{}', classes = '{class com.siliver.Ch1Main}', contextInitializerClasses = '[]', activeProfiles = '{test}', propertySourceLocations = '{}', propertySourceProperties = '{org.springframework.boot.test.context.SpringBootTestContextBootstrapper=true}', contextCustomizers = set[org.springframework.boot.test.context.filter.ExcludeFilterContextCustomizer@26adfd2d, org.springframework.boot.test.json.DuplicateJsonObjectContextCustomizerFactory$DuplicateJsonObjectContextCustomizer@205d38da, org.springframework.boot.test.mock.mockito.MockitoContextCustomizer@0, org.springframework.boot.test.web.client.TestRestTemplateContextCustomizer@6986bbaf, org.springframework.boot.test.autoconfigure.properties.PropertyMappingContextCustomizer@0, org.springframework.boot.test.autoconfigure.web.servlet.WebDriverContextCustomizerFactory$Customizer@125290e5, org.springframework.boot.test.context.SpringBootTestArgs@1, org.springframework.boot.test.context.SpringBootTestWebEnvironment@126945f9], resourceBasePath = 'src/main/webapp', contextLoader = 'org.springframework.boot.test.context.SpringBootContextLoader', parent = [null]], attributes = map['org.springframework.test.context.web.ServletTestExecutionListener.activateListener' -> true, 'org.springframework.test.context.web.ServletTestExecutionListener.populatedRequestContextHolder' -> true, 'org.springframework.test.context.web.ServletTestExecutionListener.resetRequestContextHolder' -> true]]; transaction manager [org.springframework.orm.jpa.JpaTransactionManager@2ded31cc]; rollback [true]
WARN 14:30:09 o.s.t.c.TestContextManager.logException 546 :Caught exception while invoking 'beforeTestMethod' callback on TestExecutionListener [org.springframework.test.context.jdbc.SqlScriptsTestExecutionListener@62dae540] for test method [public void com.siliver.ch1.test.db.UserDbTest.updateNameTest()] and test instance [com.siliver.ch1.test.db.UserDbTest@54da9644]
org.springframework.jdbc.datasource.init.CannotReadScriptException: Cannot read SQL script from class path resource [com/bee/sample/ch9/test/db/user.sql]; nested exception is java.io.FileNotFoundException: class path resource [com/bee/sample/ch9/test/db/user.sql] cannot be opened because it does not exist
	at org.springframework.jdbc.datasource.init.ScriptUtils.executeSqlScript(ScriptUtils.java:581)
	at org.springframework.jdbc.datasource.init.ResourceDatabasePopulator.populate(ResourceDatabasePopulator.java:254)
	at org.springframework.jdbc.datasource.init.DatabasePopulatorUtils.execute(DatabasePopulatorUtils.java:49)
	at org.springframework.jdbc.datasource.init.ResourceDatabasePopulator.execute(ResourceDatabasePopulator.java:269)
	at org.springframework.test.context.jdbc.SqlScriptsTestExecutionListener.lambda$executeSqlScripts$4(SqlScriptsTestExecutionListener.java:263)
	at org.springframework.transaction.support.TransactionOperations.lambda$executeWithoutResult$0(TransactionOperations.java:68)
	at org.springframework.transaction.support.TransactionTemplate.execute(TransactionTemplate.java:140)
	at org.springframework.transaction.support.TransactionOperations.executeWithoutResult(TransactionOperations.java:67)
	at org.springframework.test.context.jdbc.SqlScriptsTestExecutionListener.executeSqlScripts(SqlScriptsTestExecutionListener.java:263)
	at org.springframework.test.context.jdbc.SqlScriptsTestExecutionListener.lambda$executeSqlScripts$0(SqlScriptsTestExecutionListener.java:185)
	at java.base/java.lang.Iterable.forEach(Iterable.java:75)
	at org.springframework.test.context.jdbc.SqlScriptsTestExecutionListener.executeSqlScripts(SqlScriptsTestExecutionListener.java:185)
	at org.springframework.test.context.jdbc.SqlScriptsTestExecutionListener.executeSqlScripts(SqlScriptsTestExecutionListener.java:144)
	at org.springframework.test.context.jdbc.SqlScriptsTestExecutionListener.beforeTestMethod(SqlScriptsTestExecutionListener.java:117)
	at org.springframework.test.context.TestContextManager.beforeTestMethod(TestContextManager.java:289)
	at org.springframework.test.context.junit4.statements.RunBeforeTestMethodCallbacks.evaluate(RunBeforeTestMethodCallbacks.java:74)
	at org.springframework.test.context.junit4.statements.RunAfterTestMethodCallbacks.evaluate(RunAfterTestMethodCallbacks.java:86)
	at org.springframework.test.context.junit4.statements.SpringRepeat.evaluate(SpringRepeat.java:84)
	at org.junit.runners.ParentRunner.runLeaf(ParentRunner.java:366)
	at org.springframework.test.context.junit4.SpringJUnit4ClassRunner.runChild(SpringJUnit4ClassRunner.java:251)
	at org.springframework.test.context.junit4.SpringJUnit4ClassRunner.runChild(SpringJUnit4ClassRunner.java:97)
	at org.junit.runners.ParentRunner$4.run(ParentRunner.java:331)
	at org.junit.runners.ParentRunner$1.schedule(ParentRunner.java:79)
	at org.junit.runners.ParentRunner.runChildren(ParentRunner.java:329)
	at org.junit.runners.ParentRunner.access$100(ParentRunner.java:66)
	at org.junit.runners.ParentRunner$2.evaluate(ParentRunner.java:293)
	at org.springframework.test.context.junit4.statements.RunBeforeTestClassCallbacks.evaluate(RunBeforeTestClassCallbacks.java:61)
	at org.springframework.test.context.junit4.statements.RunAfterTestClassCallbacks.evaluate(RunAfterTestClassCallbacks.java:70)
	at org.junit.runners.ParentRunner$3.evaluate(ParentRunner.java:306)
	at org.junit.runners.ParentRunner.run(ParentRunner.java:413)
	at org.springframework.test.context.junit4.SpringJUnit4ClassRunner.run(SpringJUnit4ClassRunner.java:190)
	at org.junit.runner.JUnitCore.run(JUnitCore.java:137)
	at org.junit.runner.JUnitCore.run(JUnitCore.java:115)
	at org.junit.vintage.engine.execution.RunnerExecutor.execute(RunnerExecutor.java:43)
	at java.base/java.util.stream.ForEachOps$ForEachOp$OfRef.accept(ForEachOps.java:183)
	at java.base/java.util.stream.ReferencePipeline$3$1.accept(ReferencePipeline.java:195)
	at java.base/java.util.Iterator.forEachRemaining(Iterator.java:133)
	at java.base/java.util.Spliterators$IteratorSpliterator.forEachRemaining(Spliterators.java:1801)
	at java.base/java.util.stream.AbstractPipeline.copyInto(AbstractPipeline.java:484)
	at java.base/java.util.stream.AbstractPipeline.wrapAndCopyInto(AbstractPipeline.java:474)
	at java.base/java.util.stream.ForEachOps$ForEachOp.evaluateSequential(ForEachOps.java:150)
	at java.base/java.util.stream.ForEachOps$ForEachOp$OfRef.evaluateSequential(ForEachOps.java:173)
	at java.base/java.util.stream.AbstractPipeline.evaluate(AbstractPipeline.java:234)
	at java.base/java.util.stream.ReferencePipeline.forEach(ReferencePipeline.java:497)
	at org.junit.vintage.engine.VintageTestEngine.executeAllChildren(VintageTestEngine.java:82)
	at org.junit.vintage.engine.VintageTestEngine.execute(VintageTestEngine.java:73)
	at org.junit.platform.launcher.core.DefaultLauncher.execute(DefaultLauncher.java:220)
	at org.junit.platform.launcher.core.DefaultLauncher.lambda$execute$6(DefaultLauncher.java:188)
	at org.junit.platform.launcher.core.DefaultLauncher.withInterceptedStreams(DefaultLauncher.java:202)
	at org.junit.platform.launcher.core.DefaultLauncher.execute(DefaultLauncher.java:181)
	at org.junit.platform.launcher.core.DefaultLauncher.execute(DefaultLauncher.java:128)
	at org.apache.maven.surefire.junitplatform.JUnitPlatformProvider.invokeAllTests(JUnitPlatformProvider.java:150)
	at org.apache.maven.surefire.junitplatform.JUnitPlatformProvider.invoke(JUnitPlatformProvider.java:124)
	at org.apache.maven.surefire.booter.ForkedBooter.invokeProviderInSameClassLoader(ForkedBooter.java:384)
	at org.apache.maven.surefire.booter.ForkedBooter.runSuitesInProcess(ForkedBooter.java:345)
	at org.apache.maven.surefire.booter.ForkedBooter.execute(ForkedBooter.java:126)
	at org.apache.maven.surefire.booter.ForkedBooter.main(ForkedBooter.java:418)
Caused by: java.io.FileNotFoundException: class path resource [com/bee/sample/ch9/test/db/user.sql] cannot be opened because it does not exist
	at org.springframework.core.io.ClassPathResource.getInputStream(ClassPathResource.java:180)
	at org.springframework.core.io.support.EncodedResource.getReader(EncodedResource.java:146)
	at org.springframework.jdbc.datasource.init.ScriptUtils.readScript(ScriptUtils.java:328)
	at org.springframework.jdbc.datasource.init.ScriptUtils.executeSqlScript(ScriptUtils.java:578)
	... 56 common frames omitted
INFO 14:30:09 o.s.t.c.t.TransactionContext.endTransaction 139 :Rolled back transaction for test: [DefaultTestContext@ae5eeee testClass = UserDbTest, testInstance = com.siliver.ch1.test.db.UserDbTest@54da9644, testMethod = updateNameTest@UserDbTest, testException = org.springframework.jdbc.datasource.init.CannotReadScriptException: Cannot read SQL script from class path resource [com/bee/sample/ch9/test/db/user.sql]; nested exception is java.io.FileNotFoundException: class path resource [com/bee/sample/ch9/test/db/user.sql] cannot be opened because it does not exist, mergedContextConfiguration = [WebMergedContextConfiguration@5796ae15 testClass = UserDbTest, locations = '{}', classes = '{class com.siliver.Ch1Main}', contextInitializerClasses = '[]', activeProfiles = '{test}', propertySourceLocations = '{}', propertySourceProperties = '{org.springframework.boot.test.context.SpringBootTestContextBootstrapper=true}', contextCustomizers = set[org.springframework.boot.test.context.filter.ExcludeFilterContextCustomizer@26adfd2d, org.springframework.boot.test.json.DuplicateJsonObjectContextCustomizerFactory$DuplicateJsonObjectContextCustomizer@205d38da, org.springframework.boot.test.mock.mockito.MockitoContextCustomizer@0, org.springframework.boot.test.web.client.TestRestTemplateContextCustomizer@6986bbaf, org.springframework.boot.test.autoconfigure.properties.PropertyMappingContextCustomizer@0, org.springframework.boot.test.autoconfigure.web.servlet.WebDriverContextCustomizerFactory$Customizer@125290e5, org.springframework.boot.test.context.SpringBootTestArgs@1, org.springframework.boot.test.context.SpringBootTestWebEnvironment@126945f9], resourceBasePath = 'src/main/webapp', contextLoader = 'org.springframework.boot.test.context.SpringBootContextLoader', parent = [null]], attributes = map['org.springframework.test.context.web.ServletTestExecutionListener.activateListener' -> true, 'org.springframework.test.context.web.ServletTestExecutionListener.populatedRequestContextHolder' -> true, 'org.springframework.test.context.web.ServletTestExecutionListener.resetRequestContextHolder' -> true]]
]]></system-out>
  </testcase>
</testsuite>